{"/home/david/Documents/Projects/happy-dom/src/Window.ts": {"path":"/home/david/Documents/Projects/happy-dom/src/Window.ts","statementMap":{"0":{"start":{"line":1,"column":0},"end":{"line":1,"column":75}},"1":{"start":{"line":2,"column":0},"end":{"line":2,"column":61}},"2":{"start":{"line":3,"column":0},"end":{"line":3,"column":49}},"3":{"start":{"line":4,"column":0},"end":{"line":4,"column":50}},"4":{"start":{"line":5,"column":0},"end":{"line":5,"column":62}},"5":{"start":{"line":6,"column":0},"end":{"line":6,"column":71}},"6":{"start":{"line":7,"column":0},"end":{"line":7,"column":68}},"7":{"start":{"line":8,"column":0},"end":{"line":8,"column":58}},"8":{"start":{"line":9,"column":0},"end":{"line":9,"column":71}},"9":{"start":{"line":10,"column":0},"end":{"line":10,"column":80}},"10":{"start":{"line":11,"column":0},"end":{"line":11,"column":68}},"11":{"start":{"line":12,"column":0},"end":{"line":12,"column":71}},"12":{"start":{"line":13,"column":0},"end":{"line":13,"column":81}},"13":{"start":{"line":14,"column":0},"end":{"line":14,"column":86}},"14":{"start":{"line":15,"column":0},"end":{"line":15,"column":50}},"15":{"start":{"line":16,"column":0},"end":{"line":16,"column":34}},"16":{"start":{"line":17,"column":0},"end":{"line":17,"column":46}},"17":{"start":{"line":18,"column":0},"end":{"line":18,"column":46}},"18":{"start":{"line":19,"column":0},"end":{"line":19,"column":33}},"19":{"start":{"line":20,"column":0},"end":{"line":20,"column":43}},"20":{"start":{"line":21,"column":0},"end":{"line":21,"column":49}},"21":{"start":{"line":22,"column":0},"end":{"line":22,"column":68}},"22":{"start":{"line":27,"column":0},"end":{"line":27,"column":null}},"23":{"start":{"line":27,"column":36},"end":{"line":27,"column":47}},"24":{"start":{"line":64,"column":2},"end":{"line":64,"column":null}},"25":{"start":{"line":29,"column":8},"end":{"line":29,"column":20}},"26":{"start":{"line":30,"column":8},"end":{"line":30,"column":28}},"27":{"start":{"line":31,"column":8},"end":{"line":31,"column":34}},"28":{"start":{"line":32,"column":8},"end":{"line":32,"column":32}},"29":{"start":{"line":33,"column":8},"end":{"line":33,"column":34}},"30":{"start":{"line":34,"column":8},"end":{"line":34,"column":44}},"31":{"start":{"line":35,"column":8},"end":{"line":35,"column":42}},"32":{"start":{"line":36,"column":8},"end":{"line":36,"column":50}},"33":{"start":{"line":37,"column":8},"end":{"line":37,"column":50}},"34":{"start":{"line":38,"column":8},"end":{"line":38,"column":26}},"35":{"start":{"line":39,"column":8},"end":{"line":39,"column":44}},"36":{"start":{"line":40,"column":8},"end":{"line":40,"column":32}},"37":{"start":{"line":41,"column":8},"end":{"line":41,"column":32}},"38":{"start":{"line":42,"column":8},"end":{"line":42,"column":44}},"39":{"start":{"line":43,"column":8},"end":{"line":43,"column":28}},"40":{"start":{"line":44,"column":8},"end":{"line":44,"column":22}},"41":{"start":{"line":45,"column":8},"end":{"line":45,"column":34}},"42":{"start":{"line":46,"column":8},"end":{"line":46,"column":18}},"43":{"start":{"line":47,"column":8},"end":{"line":47,"column":28}},"44":{"start":{"line":48,"column":8},"end":{"line":48,"column":54}},"45":{"start":{"line":49,"column":8},"end":{"line":49,"column":24}},"46":{"start":{"line":53,"column":8},"end":{"line":53,"column":76}},"47":{"start":{"line":54,"column":8},"end":{"line":54,"column":34}},"48":{"start":{"line":55,"column":8},"end":{"line":55,"column":47}},"49":{"start":{"line":56,"column":8},"end":{"line":56,"column":70}},"50":{"start":{"line":57,"column":8},"end":{"line":57,"column":28}},"51":{"start":{"line":58,"column":8},"end":{"line":58,"column":30}},"52":{"start":{"line":66,"column":2},"end":{"line":66,"column":37}},"53":{"start":{"line":68,"column":2},"end":{"line":68,"column":44}},"54":{"start":{"line":69,"column":2},"end":{"line":69,"column":37}},"55":{"start":{"line":70,"column":2},"end":{"line":70,"column":41}},"56":{"start":{"line":72,"column":2},"end":{"line":74,"column":null}},"57":{"start":{"line":72,"column":26},"end":{"line":72,"column":36}},"58":{"start":{"line":72,"column":22},"end":{"line":72,"column":26}},"59":{"start":{"line":73,"column":3},"end":{"line":73,"column":27}},"60":{"start":{"line":77,"column":2},"end":{"line":80,"column":null}},"61":{"start":{"line":78,"column":23},"end":{"line":78,"column":63}},"62":{"start":{"line":79,"column":3},"end":{"line":79,"column":46}},"63":{"start":{"line":89,"column":8},"end":{"line":91,"column":null}},"64":{"start":{"line":90,"column":2},"end":{"line":90,"column":12}},"65":{"start":{"line":98,"column":8},"end":{"line":98,"column":null}},"66":{"start":{"line":103,"column":8},"end":{"line":103,"column":null}},"67":{"start":{"line":104,"column":0},"end":{"line":104,"column":null}}},"fnMap":{"0":{"name":"(anonymous_7)","decl":{"start":{"line":27,"column":0},"end":{"line":27,"column":36}},"loc":{"start":{"line":27,"column":0},"end":{"line":104,"column":null}}},"1":{"name":"Window","decl":{"start":{"line":63,"column":1},"end":{"line":63,"column":null}},"loc":{"start":{"line":63,"column":1},"end":{"line":81,"column":2}}},"2":{"name":"(anonymous_9)","decl":{"start":{"line":89,"column":1},"end":{"line":89,"column":8}},"loc":{"start":{"line":89,"column":1},"end":{"line":91,"column":2}}},"3":{"name":"(anonymous_10)","decl":{"start":{"line":98,"column":1},"end":{"line":98,"column":8}},"loc":{"start":{"line":98,"column":1},"end":{"line":98,"column":27}}},"4":{"name":"(anonymous_11)","decl":{"start":{"line":103,"column":1},"end":{"line":103,"column":8}},"loc":{"start":{"line":103,"column":1},"end":{"line":103,"column":26}}}},"branchMap":{"0":{"loc":{"start":{"line":64,"column":2},"end":{"line":64,"column":9}},"type":"binary-expr","locations":[{"start":{"line":64,"column":2},"end":{"line":64,"column":9}},{"start":{"line":64,"column":9},"end":{"line":64,"column":null}}]},"1":{"loc":{"start":{"line":56,"column":48},"end":{"line":56,"column":62}},"type":"cond-expr","locations":[{"start":{"line":56,"column":48},"end":{"line":56,"column":62}},{"start":{"line":56,"column":65},"end":{"line":56,"column":69}}]},"2":{"loc":{"start":{"line":77,"column":2},"end":{"line":80,"column":null}},"type":"if","locations":[{"start":{"line":77,"column":2},"end":{"line":80,"column":null}},{"start":{"line":77,"column":2},"end":{"line":80,"column":null}}]}},"s":{"0":6,"1":6,"2":6,"3":6,"4":6,"5":6,"6":6,"7":6,"8":6,"9":6,"10":6,"11":6,"12":6,"13":6,"14":6,"15":6,"16":6,"17":6,"18":6,"19":6,"20":6,"21":6,"22":6,"23":6,"24":25,"25":25,"26":25,"27":25,"28":25,"29":25,"30":25,"31":25,"32":25,"33":25,"34":25,"35":25,"36":25,"37":25,"38":25,"39":25,"40":25,"41":25,"42":25,"43":25,"44":25,"45":25,"46":25,"47":25,"48":25,"49":25,"50":25,"51":25,"52":25,"53":25,"54":25,"55":25,"56":25,"57":50,"58":1300,"59":1300,"60":25,"61":25,"62":25,"63":6,"64":0,"65":6,"66":6,"67":6},"f":{"0":6,"1":25,"2":0,"3":0,"4":0},"b":{"0":[25,25],"1":[25,0],"2":[25,0]}}
,"/home/david/Documents/Projects/happy-dom/src/custom-element/CustomElementRegistry.ts": {"path":"/home/david/Documents/Projects/happy-dom/src/custom-element/CustomElementRegistry.ts","statementMap":{"0":{"start":{"line":6,"column":0},"end":{"line":6,"column":null}},"1":{"start":{"line":7,"column":9},"end":{"line":7,"column":58}},"2":{"start":{"line":8,"column":9},"end":{"line":8,"column":24}},"3":{"start":{"line":16,"column":8},"end":{"line":31,"column":null}},"4":{"start":{"line":17,"column":2},"end":{"line":21,"column":null}},"5":{"start":{"line":18,"column":3},"end":{"line":20,"column":5}},"6":{"start":{"line":23,"column":2},"end":{"line":23,"column":55}},"7":{"start":{"line":25,"column":2},"end":{"line":30,"column":null}},"8":{"start":{"line":26,"column":3},"end":{"line":28,"column":null}},"9":{"start":{"line":26,"column":26},"end":{"line":26,"column":30}},"10":{"start":{"line":26,"column":26},"end":{"line":26,"column":50}},"11":{"start":{"line":26,"column":22},"end":{"line":26,"column":26}},"12":{"start":{"line":27,"column":4},"end":{"line":27,"column":15}},"13":{"start":{"line":29,"column":3},"end":{"line":29,"column":35}},"14":{"start":{"line":39,"column":8},"end":{"line":41,"column":null}},"15":{"start":{"line":40,"column":2},"end":{"line":40,"column":47}},"16":{"start":{"line":46,"column":8},"end":{"line":46,"column":null}},"17":{"start":{"line":54,"column":14},"end":{"line":62,"column":null}},"18":{"start":{"line":55,"column":2},"end":{"line":57,"column":null}},"19":{"start":{"line":56,"column":3},"end":{"line":56,"column":28}},"20":{"start":{"line":58,"column":2},"end":{"line":61,"column":5}},"21":{"start":{"line":59,"column":3},"end":{"line":59,"column":61}},"22":{"start":{"line":60,"column":3},"end":{"line":60,"column":42}},"23":{"start":{"line":63,"column":0},"end":{"line":63,"column":null}}},"fnMap":{"0":{"name":"(anonymous_13)","decl":{"start":{"line":6,"column":0},"end":{"line":6,"column":null}},"loc":{"start":{"line":6,"column":0},"end":{"line":63,"column":null}}},"1":{"name":"(anonymous_15)","decl":{"start":{"line":16,"column":1},"end":{"line":16,"column":8}},"loc":{"start":{"line":16,"column":64},"end":{"line":31,"column":2}}},"2":{"name":"(anonymous_16)","decl":{"start":{"line":39,"column":1},"end":{"line":39,"column":8}},"loc":{"start":{"line":39,"column":27},"end":{"line":41,"column":2}}},"3":{"name":"(anonymous_17)","decl":{"start":{"line":46,"column":1},"end":{"line":46,"column":8}},"loc":{"start":{"line":46,"column":1},"end":{"line":46,"column":26}}},"4":{"name":"(anonymous_18)","decl":{"start":{"line":54,"column":1},"end":{"line":54,"column":14}},"loc":{"start":{"line":54,"column":41},"end":{"line":62,"column":null}}},"5":{"name":"(anonymous_21)","decl":{"start":{"line":58,"column":21},"end":{"line":58,"column":28}},"loc":{"start":{"line":58,"column":28},"end":{"line":61,"column":3}}}},"branchMap":{"0":{"loc":{"start":{"line":17,"column":2},"end":{"line":21,"column":null}},"type":"if","locations":[{"start":{"line":17,"column":2},"end":{"line":21,"column":null}},{"start":{"line":17,"column":2},"end":{"line":21,"column":null}}]},"1":{"loc":{"start":{"line":25,"column":2},"end":{"line":30,"column":null}},"type":"if","locations":[{"start":{"line":25,"column":2},"end":{"line":30,"column":null}},{"start":{"line":25,"column":2},"end":{"line":30,"column":null}}]},"2":{"loc":{"start":{"line":55,"column":2},"end":{"line":57,"column":null}},"type":"if","locations":[{"start":{"line":55,"column":2},"end":{"line":57,"column":null}},{"start":{"line":55,"column":2},"end":{"line":57,"column":null}}]},"3":{"loc":{"start":{"line":59,"column":30},"end":{"line":59,"column":54}},"type":"binary-expr","locations":[{"start":{"line":59,"column":30},"end":{"line":59,"column":54}},{"start":{"line":59,"column":58},"end":{"line":59,"column":60}}]}},"s":{"0":7,"1":29,"2":29,"3":7,"4":13,"5":1,"6":12,"7":12,"8":1,"9":1,"10":1,"11":1,"12":1,"13":1,"14":7,"15":153,"16":7,"17":7,"18":2,"19":1,"20":1,"21":1,"22":1,"23":7},"f":{"0":36,"1":13,"2":153,"3":0,"4":2,"5":1},"b":{"0":[1,12],"1":[1,11],"2":[1,1],"3":[1,1]}}
,"/home/david/Documents/Projects/happy-dom/src/dom-implementation/DOMImplementation.ts": {"path":"/home/david/Documents/Projects/happy-dom/src/dom-implementation/DOMImplementation.ts","statementMap":{"0":{"start":{"line":1,"column":0},"end":{"line":1,"column":62}},"1":{"start":{"line":7,"column":0},"end":{"line":7,"column":null}},"2":{"start":{"line":16,"column":2},"end":{"line":16,"column":24}},"3":{"start":{"line":22,"column":8},"end":{"line":24,"column":null}},"4":{"start":{"line":23,"column":2},"end":{"line":23,"column":36}},"5":{"start":{"line":25,"column":0},"end":{"line":25,"column":null}}},"fnMap":{"0":{"name":"(anonymous_1)","decl":{"start":{"line":7,"column":0},"end":{"line":7,"column":null}},"loc":{"start":{"line":7,"column":0},"end":{"line":25,"column":null}}},"1":{"name":"DOMImplementation","decl":{"start":{"line":15,"column":1},"end":{"line":15,"column":13}},"loc":{"start":{"line":15,"column":27},"end":{"line":17,"column":2}}},"2":{"name":"(anonymous_3)","decl":{"start":{"line":22,"column":1},"end":{"line":22,"column":8}},"loc":{"start":{"line":22,"column":1},"end":{"line":24,"column":2}}}},"branchMap":{},"s":{"0":6,"1":6,"2":27,"3":6,"4":1,"5":6},"f":{"0":6,"1":27,"2":1},"b":{}}
,"/home/david/Documents/Projects/happy-dom/src/event/CustomEvent.ts": {"path":"/home/david/Documents/Projects/happy-dom/src/event/CustomEvent.ts","statementMap":{"0":{"start":{"line":1,"column":0},"end":{"line":1,"column":28}},"1":{"start":{"line":4,"column":0},"end":{"line":4,"column":null}},"2":{"start":{"line":4,"column":41},"end":{"line":4,"column":46}},"3":{"start":{"line":13,"column":27},"end":{"line":13,"column":null}},"4":{"start":{"line":14,"column":2},"end":{"line":14,"column":null}},"5":{"start":{"line":5,"column":8},"end":{"line":5,"column":30}},"6":{"start":{"line":15,"column":2},"end":{"line":17,"column":null}},"7":{"start":{"line":16,"column":3},"end":{"line":16,"column":40}},"8":{"start":{"line":19,"column":0},"end":{"line":19,"column":null}}},"fnMap":{"0":{"name":"(anonymous_7)","decl":{"start":{"line":4,"column":0},"end":{"line":4,"column":41}},"loc":{"start":{"line":4,"column":0},"end":{"line":19,"column":null}}},"1":{"name":"CustomEvent","decl":{"start":{"line":13,"column":1},"end":{"line":13,"column":13}},"loc":{"start":{"line":13,"column":67},"end":{"line":18,"column":2}}}},"branchMap":{"0":{"loc":{"start":{"line":13,"column":27},"end":{"line":13,"column":null}},"type":"if","locations":[{"start":{"line":13,"column":27},"end":{"line":13,"column":null}},{"start":{"line":13,"column":27},"end":{"line":13,"column":null}}]},"1":{"loc":{"start":{"line":14,"column":2},"end":{"line":14,"column":30}},"type":"binary-expr","locations":[{"start":{"line":14,"column":2},"end":{"line":14,"column":30}},{"start":{"line":14,"column":30},"end":{"line":14,"column":null}}]},"2":{"loc":{"start":{"line":15,"column":2},"end":{"line":17,"column":null}},"type":"if","locations":[{"start":{"line":15,"column":2},"end":{"line":17,"column":null}},{"start":{"line":15,"column":2},"end":{"line":17,"column":null}}]},"3":{"loc":{"start":{"line":15,"column":6},"end":{"line":15,"column":21}},"type":"binary-expr","locations":[{"start":{"line":15,"column":6},"end":{"line":15,"column":21}},{"start":{"line":15,"column":25},"end":{"line":15,"column":47}}]}},"s":{"0":7,"1":7,"2":7,"3":1,"4":1,"5":1,"6":1,"7":1,"8":7},"f":{"0":7,"1":1},"b":{"0":[0,1],"1":[1,1],"2":[1,0],"3":[1,1]}}
,"/home/david/Documents/Projects/happy-dom/src/event/Event.ts": {"path":"/home/david/Documents/Projects/happy-dom/src/event/Event.ts","statementMap":{"0":{"start":{"line":4,"column":0},"end":{"line":4,"column":null}},"1":{"start":{"line":21,"column":27},"end":{"line":21,"column":null}},"2":{"start":{"line":5,"column":17},"end":{"line":5,"column":42}},"3":{"start":{"line":6,"column":17},"end":{"line":6,"column":45}},"4":{"start":{"line":7,"column":17},"end":{"line":7,"column":43}},"5":{"start":{"line":8,"column":17},"end":{"line":8,"column":44}},"6":{"start":{"line":9,"column":17},"end":{"line":9,"column":37}},"7":{"start":{"line":10,"column":8},"end":{"line":10,"column":42}},"8":{"start":{"line":11,"column":8},"end":{"line":11,"column":54}},"9":{"start":{"line":12,"column":8},"end":{"line":12,"column":45}},"10":{"start":{"line":13,"column":8},"end":{"line":13,"column":28}},"11":{"start":{"line":22,"column":2},"end":{"line":22,"column":19}},"12":{"start":{"line":23,"column":2},"end":{"line":23,"column":63}},"13":{"start":{"line":24,"column":2},"end":{"line":24,"column":69}},"14":{"start":{"line":25,"column":2},"end":{"line":25,"column":65}},"15":{"start":{"line":33,"column":8},"end":{"line":35,"column":null}},"16":{"start":{"line":34,"column":2},"end":{"line":34,"column":31}},"17":{"start":{"line":40,"column":8},"end":{"line":42,"column":null}},"18":{"start":{"line":41,"column":2},"end":{"line":41,"column":31}},"19":{"start":{"line":47,"column":8},"end":{"line":49,"column":null}},"20":{"start":{"line":48,"column":2},"end":{"line":48,"column":43}},"21":{"start":{"line":54,"column":8},"end":{"line":56,"column":null}},"22":{"start":{"line":55,"column":2},"end":{"line":55,"column":34}},"23":{"start":{"line":57,"column":0},"end":{"line":57,"column":null}}},"fnMap":{"0":{"name":"(anonymous_0)","decl":{"start":{"line":4,"column":0},"end":{"line":4,"column":null}},"loc":{"start":{"line":4,"column":0},"end":{"line":57,"column":null}}},"1":{"name":"Event","decl":{"start":{"line":21,"column":1},"end":{"line":21,"column":13}},"loc":{"start":{"line":21,"column":55},"end":{"line":26,"column":2}}},"2":{"name":"(anonymous_2)","decl":{"start":{"line":33,"column":1},"end":{"line":33,"column":8}},"loc":{"start":{"line":33,"column":1},"end":{"line":35,"column":2}}},"3":{"name":"(anonymous_3)","decl":{"start":{"line":40,"column":1},"end":{"line":40,"column":8}},"loc":{"start":{"line":40,"column":1},"end":{"line":42,"column":2}}},"4":{"name":"(anonymous_4)","decl":{"start":{"line":47,"column":1},"end":{"line":47,"column":8}},"loc":{"start":{"line":47,"column":1},"end":{"line":49,"column":2}}},"5":{"name":"(anonymous_5)","decl":{"start":{"line":54,"column":1},"end":{"line":54,"column":8}},"loc":{"start":{"line":54,"column":1},"end":{"line":56,"column":2}}}},"branchMap":{"0":{"loc":{"start":{"line":21,"column":27},"end":{"line":21,"column":null}},"type":"if","locations":[{"start":{"line":21,"column":27},"end":{"line":21,"column":null}},{"start":{"line":21,"column":27},"end":{"line":21,"column":null}}]},"1":{"loc":{"start":{"line":23,"column":50},"end":{"line":23,"column":54}},"type":"cond-expr","locations":[{"start":{"line":23,"column":50},"end":{"line":23,"column":54}},{"start":{"line":23,"column":57},"end":{"line":23,"column":62}}]},"2":{"loc":{"start":{"line":23,"column":17},"end":{"line":23,"column":26}},"type":"binary-expr","locations":[{"start":{"line":23,"column":17},"end":{"line":23,"column":26}},{"start":{"line":23,"column":30},"end":{"line":23,"column":47}}]},"3":{"loc":{"start":{"line":24,"column":56},"end":{"line":24,"column":60}},"type":"cond-expr","locations":[{"start":{"line":24,"column":56},"end":{"line":24,"column":60}},{"start":{"line":24,"column":63},"end":{"line":24,"column":68}}]},"4":{"loc":{"start":{"line":24,"column":20},"end":{"line":24,"column":29}},"type":"binary-expr","locations":[{"start":{"line":24,"column":20},"end":{"line":24,"column":29}},{"start":{"line":24,"column":33},"end":{"line":24,"column":53}}]},"5":{"loc":{"start":{"line":25,"column":52},"end":{"line":25,"column":56}},"type":"cond-expr","locations":[{"start":{"line":25,"column":52},"end":{"line":25,"column":56}},{"start":{"line":25,"column":59},"end":{"line":25,"column":64}}]},"6":{"loc":{"start":{"line":25,"column":18},"end":{"line":25,"column":27}},"type":"binary-expr","locations":[{"start":{"line":25,"column":18},"end":{"line":25,"column":27}},{"start":{"line":25,"column":31},"end":{"line":25,"column":49}}]}},"s":{"0":8,"1":5,"2":3,"3":3,"4":3,"5":3,"6":3,"7":3,"8":3,"9":3,"10":3,"11":3,"12":3,"13":3,"14":3,"15":8,"16":0,"17":8,"18":0,"19":8,"20":0,"21":8,"22":0,"23":8},"f":{"0":8,"1":3,"2":0,"3":0,"4":0,"5":0},"b":{"0":[2,1],"1":[0,3],"2":[3,1],"3":[0,3],"4":[3,1],"5":[0,3],"6":[3,1]}}
,"/home/david/Documents/Projects/happy-dom/src/event/EventTarget.ts": {"path":"/home/david/Documents/Projects/happy-dom/src/event/EventTarget.ts","statementMap":{"0":{"start":{"line":6,"column":0},"end":{"line":6,"column":null}},"1":{"start":{"line":7,"column":18},"end":{"line":7,"column":79}},"2":{"start":{"line":15,"column":8},"end":{"line":18,"column":null}},"3":{"start":{"line":16,"column":2},"end":{"line":16,"column":54}},"4":{"start":{"line":17,"column":2},"end":{"line":17,"column":39}},"5":{"start":{"line":26,"column":8},"end":{"line":33,"column":null}},"6":{"start":{"line":27,"column":2},"end":{"line":32,"column":null}},"7":{"start":{"line":28,"column":17},"end":{"line":28,"column":56}},"8":{"start":{"line":29,"column":3},"end":{"line":31,"column":null}},"9":{"start":{"line":30,"column":4},"end":{"line":30,"column":40}},"10":{"start":{"line":41,"column":8},"end":{"line":57,"column":null}},"11":{"start":{"line":42,"column":20},"end":{"line":42,"column":24}},"12":{"start":{"line":44,"column":2},"end":{"line":54,"column":null}},"13":{"start":{"line":45,"column":3},"end":{"line":53,"column":null}},"14":{"start":{"line":45,"column":26},"end":{"line":45,"column":30}},"15":{"start":{"line":45,"column":26},"end":{"line":45,"column":53}},"16":{"start":{"line":45,"column":22},"end":{"line":45,"column":26}},"17":{"start":{"line":46,"column":4},"end":{"line":46,"column":20}},"18":{"start":{"line":47,"column":4},"end":{"line":49,"column":null}},"19":{"start":{"line":48,"column":5},"end":{"line":48,"column":25}},"20":{"start":{"line":50,"column":4},"end":{"line":52,"column":null}},"21":{"start":{"line":51,"column":5},"end":{"line":51,"column":24}},"22":{"start":{"line":56,"column":2},"end":{"line":56,"column":21}},"23":{"start":{"line":58,"column":0},"end":{"line":58,"column":null}}},"fnMap":{"0":{"name":"(anonymous_0)","decl":{"start":{"line":6,"column":0},"end":{"line":6,"column":null}},"loc":{"start":{"line":6,"column":0},"end":{"line":58,"column":null}}},"1":{"name":"(anonymous_2)","decl":{"start":{"line":15,"column":1},"end":{"line":15,"column":8}},"loc":{"start":{"line":15,"column":71},"end":{"line":18,"column":2}}},"2":{"name":"(anonymous_3)","decl":{"start":{"line":26,"column":1},"end":{"line":26,"column":8}},"loc":{"start":{"line":26,"column":74},"end":{"line":33,"column":2}}},"3":{"name":"(anonymous_4)","decl":{"start":{"line":41,"column":1},"end":{"line":41,"column":8}},"loc":{"start":{"line":41,"column":34},"end":{"line":57,"column":2}}}},"branchMap":{"0":{"loc":{"start":{"line":16,"column":26},"end":{"line":16,"column":47}},"type":"binary-expr","locations":[{"start":{"line":16,"column":26},"end":{"line":16,"column":47}},{"start":{"line":16,"column":51},"end":{"line":16,"column":53}}]},"1":{"loc":{"start":{"line":27,"column":2},"end":{"line":32,"column":null}},"type":"if","locations":[{"start":{"line":27,"column":2},"end":{"line":32,"column":null}},{"start":{"line":27,"column":2},"end":{"line":32,"column":null}}]},"2":{"loc":{"start":{"line":29,"column":3},"end":{"line":31,"column":null}},"type":"if","locations":[{"start":{"line":29,"column":3},"end":{"line":31,"column":null}},{"start":{"line":29,"column":3},"end":{"line":31,"column":null}}]},"3":{"loc":{"start":{"line":44,"column":2},"end":{"line":54,"column":null}},"type":"if","locations":[{"start":{"line":44,"column":2},"end":{"line":54,"column":null}},{"start":{"line":44,"column":2},"end":{"line":54,"column":null}}]},"4":{"loc":{"start":{"line":47,"column":4},"end":{"line":49,"column":null}},"type":"if","locations":[{"start":{"line":47,"column":4},"end":{"line":49,"column":null}},{"start":{"line":47,"column":4},"end":{"line":49,"column":null}}]},"5":{"loc":{"start":{"line":47,"column":8},"end":{"line":47,"column":24}},"type":"binary-expr","locations":[{"start":{"line":47,"column":8},"end":{"line":47,"column":24}},{"start":{"line":47,"column":28},"end":{"line":47,"column":50}}]},"6":{"loc":{"start":{"line":50,"column":4},"end":{"line":52,"column":null}},"type":"if","locations":[{"start":{"line":50,"column":4},"end":{"line":52,"column":null}},{"start":{"line":50,"column":4},"end":{"line":52,"column":null}}]}},"s":{"0":9,"1":339,"2":9,"3":3,"4":3,"5":9,"6":1,"7":1,"8":1,"9":1,"10":9,"11":3,"12":3,"13":3,"14":3,"15":3,"16":2,"17":2,"18":2,"19":0,"20":2,"21":0,"22":3,"23":9},"f":{"0":348,"1":3,"2":1,"3":3},"b":{"0":[3,3],"1":[1,0],"2":[1,0],"3":[3,0],"4":[0,2],"5":[2,0],"6":[0,2]}}
,"/home/david/Documents/Projects/happy-dom/src/html-parser/HTMLParser.ts": {"path":"/home/david/Documents/Projects/happy-dom/src/html-parser/HTMLParser.ts","statementMap":{"0":{"start":{"line":5,"column":30},"end":{"line":20,"column":2}},"1":{"start":{"line":25,"column":0},"end":{"line":25,"column":null}},"2":{"start":{"line":33,"column":15},"end":{"line":76,"column":null}},"3":{"start":{"line":34,"column":15},"end":{"line":34,"column":45}},"4":{"start":{"line":35,"column":16},"end":{"line":35,"column":22}},"5":{"start":{"line":36,"column":23},"end":{"line":36,"column":69}},"6":{"start":{"line":37,"column":22},"end":{"line":37,"column":26}},"7":{"start":{"line":38,"column":22},"end":{"line":38,"column":23}},"8":{"start":{"line":41,"column":2},"end":{"line":67,"column":null}},"9":{"start":{"line":42,"column":19},"end":{"line":42,"column":41}},"10":{"start":{"line":43,"column":22},"end":{"line":43,"column":31}},"11":{"start":{"line":45,"column":3},"end":{"line":48,"column":null}},"12":{"start":{"line":46,"column":17},"end":{"line":46,"column":59}},"13":{"start":{"line":47,"column":4},"end":{"line":47,"column":66}},"14":{"start":{"line":50,"column":3},"end":{"line":66,"column":null}},"15":{"start":{"line":51,"column":23},"end":{"line":51,"column":54}},"16":{"start":{"line":52,"column":4},"end":{"line":52,"column":43}},"17":{"start":{"line":54,"column":4},"end":{"line":59,"column":null}},"18":{"start":{"line":55,"column":5},"end":{"line":55,"column":68}},"19":{"start":{"line":56,"column":5},"end":{"line":56,"column":31}},"20":{"start":{"line":58,"column":5},"end":{"line":58,"column":43}},"21":{"start":{"line":61,"column":4},"end":{"line":61,"column":43}},"22":{"start":{"line":63,"column":4},"end":{"line":63,"column":16}},"23":{"start":{"line":64,"column":4},"end":{"line":64,"column":44}},"24":{"start":{"line":65,"column":4},"end":{"line":65,"column":43}},"25":{"start":{"line":70,"column":2},"end":{"line":73,"column":null}},"26":{"start":{"line":71,"column":16},"end":{"line":71,"column":45}},"27":{"start":{"line":72,"column":3},"end":{"line":72,"column":56}},"28":{"start":{"line":75,"column":2},"end":{"line":75,"column":14}},"29":{"start":{"line":85,"column":16},"end":{"line":89,"column":null}},"30":{"start":{"line":86,"column":2},"end":{"line":88,"column":null}},"31":{"start":{"line":86,"column":26},"end":{"line":86,"column":30}},"32":{"start":{"line":86,"column":26},"end":{"line":86,"column":69}},"33":{"start":{"line":86,"column":22},"end":{"line":86,"column":26}},"34":{"start":{"line":87,"column":3},"end":{"line":87,"column":31}},"35":{"start":{"line":98,"column":16},"end":{"line":120,"column":null}},"36":{"start":{"line":99,"column":16},"end":{"line":99,"column":18}},"37":{"start":{"line":100,"column":24},"end":{"line":100,"column":41}},"38":{"start":{"line":101,"column":18},"end":{"line":101,"column":19}},"39":{"start":{"line":104,"column":2},"end":{"line":112,"column":null}},"40":{"start":{"line":105,"column":3},"end":{"line":108,"column":null}},"41":{"start":{"line":106,"column":21},"end":{"line":106,"column":84}},"42":{"start":{"line":107,"column":4},"end":{"line":107,"column":25}},"43":{"start":{"line":109,"column":23},"end":{"line":109,"column":55}},"44":{"start":{"line":110,"column":3},"end":{"line":110,"column":27}},"45":{"start":{"line":111,"column":3},"end":{"line":111,"column":45}},"46":{"start":{"line":114,"column":2},"end":{"line":117,"column":null}},"47":{"start":{"line":115,"column":20},"end":{"line":115,"column":70}},"48":{"start":{"line":116,"column":3},"end":{"line":116,"column":24}},"49":{"start":{"line":119,"column":2},"end":{"line":119,"column":15}},"50":{"start":{"line":121,"column":0},"end":{"line":121,"column":null}}},"fnMap":{"0":{"name":"(anonymous_0)","decl":{"start":{"line":25,"column":0},"end":{"line":25,"column":null}},"loc":{"start":{"line":25,"column":0},"end":{"line":121,"column":null}}},"1":{"name":"(anonymous_2)","decl":{"start":{"line":33,"column":1},"end":{"line":33,"column":15}},"loc":{"start":{"line":33,"column":53},"end":{"line":76,"column":2}}},"2":{"name":"(anonymous_3)","decl":{"start":{"line":85,"column":1},"end":{"line":85,"column":16}},"loc":{"start":{"line":85,"column":86},"end":{"line":89,"column":2}}},"3":{"name":"(anonymous_4)","decl":{"start":{"line":98,"column":1},"end":{"line":98,"column":16}},"loc":{"start":{"line":98,"column":71},"end":{"line":120,"column":2}}}},"branchMap":{"0":{"loc":{"start":{"line":45,"column":3},"end":{"line":48,"column":null}},"type":"if","locations":[{"start":{"line":45,"column":3},"end":{"line":48,"column":null}},{"start":{"line":45,"column":3},"end":{"line":48,"column":null}}]},"1":{"loc":{"start":{"line":45,"column":7},"end":{"line":45,"column":20}},"type":"binary-expr","locations":[{"start":{"line":45,"column":7},"end":{"line":45,"column":20}},{"start":{"line":45,"column":24},"end":{"line":45,"column":53}}]},"2":{"loc":{"start":{"line":50,"column":3},"end":{"line":66,"column":null}},"type":"if","locations":[{"start":{"line":50,"column":3},"end":{"line":66,"column":null}},{"start":{"line":50,"column":3},"end":{"line":66,"column":null}}]},"3":{"loc":{"start":{"line":54,"column":4},"end":{"line":59,"column":null}},"type":"if","locations":[{"start":{"line":54,"column":4},"end":{"line":59,"column":null}},{"start":{"line":54,"column":4},"end":{"line":59,"column":null}}]},"4":{"loc":{"start":{"line":70,"column":2},"end":{"line":73,"column":null}},"type":"if","locations":[{"start":{"line":70,"column":2},"end":{"line":73,"column":null}},{"start":{"line":70,"column":2},"end":{"line":73,"column":null}}]},"5":{"loc":{"start":{"line":70,"column":7},"end":{"line":70,"column":13}},"type":"binary-expr","locations":[{"start":{"line":70,"column":7},"end":{"line":70,"column":13}},{"start":{"line":70,"column":17},"end":{"line":70,"column":32}},{"start":{"line":70,"column":38},"end":{"line":70,"column":43}},{"start":{"line":70,"column":47},"end":{"line":70,"column":76}}]},"6":{"loc":{"start":{"line":105,"column":3},"end":{"line":108,"column":null}},"type":"if","locations":[{"start":{"line":105,"column":3},"end":{"line":108,"column":null}},{"start":{"line":105,"column":3},"end":{"line":108,"column":null}}]},"7":{"loc":{"start":{"line":114,"column":2},"end":{"line":117,"column":null}},"type":"if","locations":[{"start":{"line":114,"column":2},"end":{"line":117,"column":null}},{"start":{"line":114,"column":2},"end":{"line":117,"column":null}}]}},"s":{"0":8,"1":8,"2":8,"3":9,"4":9,"5":9,"6":9,"7":9,"8":9,"9":66,"10":66,"11":66,"12":59,"13":59,"14":66,"15":33,"16":33,"17":33,"18":33,"19":33,"20":0,"21":33,"22":33,"23":33,"24":33,"25":9,"26":9,"27":9,"28":9,"29":8,"30":68,"31":68,"32":68,"33":71,"34":71,"35":8,"36":68,"37":68,"38":68,"39":68,"40":4,"41":4,"42":4,"43":4,"44":4,"45":4,"46":68,"47":63,"48":63,"49":68,"50":8},"f":{"0":8,"1":9,"2":68,"3":68},"b":{"0":[59,7],"1":[66,66],"2":[33,33],"3":[33,0],"4":[9,0],"5":[9,9,0,0],"6":[4,0],"7":[63,5]}}
,"/home/david/Documents/Projects/happy-dom/src/html-renderer/HTMLRenderResult.ts": {"path":"/home/david/Documents/Projects/happy-dom/src/html-renderer/HTMLRenderResult.ts","statementMap":{"0":{"start":{"line":4,"column":0},"end":{"line":4,"column":null}},"1":{"start":{"line":5,"column":8},"end":{"line":5,"column":26}},"2":{"start":{"line":6,"column":8},"end":{"line":6,"column":27}},"3":{"start":{"line":7,"column":0},"end":{"line":7,"column":null}}},"fnMap":{"0":{"name":"(anonymous_0)","decl":{"start":{"line":4,"column":0},"end":{"line":4,"column":null}},"loc":{"start":{"line":4,"column":0},"end":{"line":7,"column":null}}}},"branchMap":{},"s":{"0":8,"1":93,"2":93,"3":8},"f":{"0":101},"b":{}}
,"/home/david/Documents/Projects/happy-dom/src/html-renderer/element/ElementRenderer.ts": {"path":"/home/david/Documents/Projects/happy-dom/src/html-renderer/element/ElementRenderer.ts","statementMap":{"0":{"start":{"line":1,"column":0},"end":{"line":1,"column":62}},"1":{"start":{"line":3,"column":0},"end":{"line":3,"column":51}},"2":{"start":{"line":5,"column":27},"end":{"line":5,"column":72}},"3":{"start":{"line":6,"column":20},"end":{"line":6,"column":29}},"4":{"start":{"line":13,"column":0},"end":{"line":13,"column":null}},"5":{"start":{"line":20,"column":8},"end":{"line":35,"column":null}},"6":{"start":{"line":21,"column":18},"end":{"line":21,"column":47}},"7":{"start":{"line":22,"column":21},"end":{"line":22,"column":46}},"8":{"start":{"line":23,"column":23},"end":{"line":23,"column":55}},"9":{"start":{"line":24,"column":17},"end":{"line":24,"column":39}},"10":{"start":{"line":26,"column":2},"end":{"line":32,"column":null}},"11":{"start":{"line":27,"column":3},"end":{"line":27,"column":62}},"12":{"start":{"line":28,"column":9},"end":{"line":32,"column":null}},"13":{"start":{"line":29,"column":3},"end":{"line":29,"column":63}},"14":{"start":{"line":31,"column":3},"end":{"line":31,"column":95}},"15":{"start":{"line":34,"column":2},"end":{"line":34,"column":16}},"16":{"start":{"line":43,"column":8},"end":{"line":56,"column":null}},"17":{"start":{"line":44,"column":17},"end":{"line":44,"column":39}},"18":{"start":{"line":45,"column":46},"end":{"line":45,"column":73}},"19":{"start":{"line":47,"column":2},"end":{"line":53,"column":null}},"20":{"start":{"line":47,"column":22},"end":{"line":47,"column":35}},"21":{"start":{"line":47,"column":22},"end":{"line":47,"column":54}},"22":{"start":{"line":47,"column":18},"end":{"line":47,"column":22}},"23":{"start":{"line":48,"column":3},"end":{"line":52,"column":null}},"24":{"start":{"line":49,"column":4},"end":{"line":49,"column":35}},"25":{"start":{"line":51,"column":4},"end":{"line":51,"column":36}},"26":{"start":{"line":55,"column":2},"end":{"line":55,"column":16}},"27":{"start":{"line":64,"column":9},"end":{"line":67,"column":null}},"28":{"start":{"line":65,"column":24},"end":{"line":65,"column":51}},"29":{"start":{"line":66,"column":2},"end":{"line":66,"column":50}},"30":{"start":{"line":68,"column":0},"end":{"line":68,"column":null}}},"fnMap":{"0":{"name":"(anonymous_1)","decl":{"start":{"line":13,"column":0},"end":{"line":13,"column":null}},"loc":{"start":{"line":13,"column":0},"end":{"line":68,"column":null}}},"1":{"name":"(anonymous_3)","decl":{"start":{"line":20,"column":1},"end":{"line":20,"column":8}},"loc":{"start":{"line":20,"column":37},"end":{"line":35,"column":2}}},"2":{"name":"(anonymous_4)","decl":{"start":{"line":43,"column":1},"end":{"line":43,"column":8}},"loc":{"start":{"line":43,"column":28},"end":{"line":56,"column":2}}},"3":{"name":"(anonymous_5)","decl":{"start":{"line":64,"column":1},"end":{"line":64,"column":9}},"loc":{"start":{"line":64,"column":39},"end":{"line":67,"column":2}}}},"branchMap":{"0":{"loc":{"start":{"line":26,"column":2},"end":{"line":32,"column":null}},"type":"if","locations":[{"start":{"line":26,"column":2},"end":{"line":32,"column":null}},{"start":{"line":26,"column":2},"end":{"line":32,"column":null}}]},"1":{"loc":{"start":{"line":28,"column":9},"end":{"line":32,"column":null}},"type":"if","locations":[{"start":{"line":28,"column":9},"end":{"line":32,"column":null}},{"start":{"line":28,"column":9},"end":{"line":32,"column":null}}]},"2":{"loc":{"start":{"line":45,"column":46},"end":{"line":45,"column":62}},"type":"binary-expr","locations":[{"start":{"line":45,"column":46},"end":{"line":45,"column":62}},{"start":{"line":45,"column":66},"end":{"line":45,"column":73}}]},"3":{"loc":{"start":{"line":48,"column":3},"end":{"line":52,"column":null}},"type":"if","locations":[{"start":{"line":48,"column":3},"end":{"line":52,"column":null}},{"start":{"line":48,"column":3},"end":{"line":52,"column":null}}]},"4":{"loc":{"start":{"line":66,"column":25},"end":{"line":66,"column":44}},"type":"cond-expr","locations":[{"start":{"line":66,"column":25},"end":{"line":66,"column":44}},{"start":{"line":66,"column":47},"end":{"line":66,"column":49}}]}},"s":{"0":8,"1":8,"2":8,"3":8,"4":8,"5":8,"6":23,"7":23,"8":23,"9":23,"10":23,"11":0,"12":23,"13":0,"14":23,"15":23,"16":8,"17":24,"18":24,"19":24,"20":24,"21":24,"22":59,"23":59,"24":17,"25":42,"26":24,"27":8,"28":23,"29":23,"30":8},"f":{"0":37,"1":23,"2":24,"3":23},"b":{"0":[0,23],"1":[0,23],"2":[24,24],"3":[17,42],"4":[7,16]}}
,"/home/david/Documents/Projects/happy-dom/src/html-renderer/shadow-root/ShadowRootRenderer.ts": {"path":"/home/david/Documents/Projects/happy-dom/src/html-renderer/shadow-root/ShadowRootRenderer.ts","statementMap":{"0":{"start":{"line":1,"column":0},"end":{"line":1,"column":62}},"1":{"start":{"line":4,"column":0},"end":{"line":4,"column":50}},"2":{"start":{"line":6,"column":0},"end":{"line":6,"column":51}},"3":{"start":{"line":10,"column":27},"end":{"line":10,"column":72}},"4":{"start":{"line":11,"column":20},"end":{"line":11,"column":29}},"5":{"start":{"line":18,"column":0},"end":{"line":18,"column":null}},"6":{"start":{"line":27,"column":13},"end":{"line":27,"column":null}},"7":{"start":{"line":28,"column":2},"end":{"line":28,"column":37}},"8":{"start":{"line":29,"column":2},"end":{"line":29,"column":62}},"9":{"start":{"line":38,"column":8},"end":{"line":66,"column":null}},"10":{"start":{"line":39,"column":18},"end":{"line":39,"column":47}},"11":{"start":{"line":40,"column":21},"end":{"line":40,"column":46}},"12":{"start":{"line":41,"column":23},"end":{"line":41,"column":55}},"13":{"start":{"line":42,"column":17},"end":{"line":42,"column":39}},"14":{"start":{"line":44,"column":2},"end":{"line":59,"column":null}},"15":{"start":{"line":45,"column":3},"end":{"line":45,"column":62}},"16":{"start":{"line":46,"column":9},"end":{"line":59,"column":null}},"17":{"start":{"line":47,"column":3},"end":{"line":47,"column":63}},"18":{"start":{"line":49,"column":44},"end":{"line":49,"column":51}},"19":{"start":{"line":50,"column":44},"end":{"line":50,"column":51}},"20":{"start":{"line":52,"column":3},"end":{"line":55,"column":null}},"21":{"start":{"line":53,"column":4},"end":{"line":53,"column":65}},"22":{"start":{"line":54,"column":4},"end":{"line":54,"column":43}},"23":{"start":{"line":57,"column":21},"end":{"line":57,"column":57}},"24":{"start":{"line":58,"column":3},"end":{"line":58,"column":92}},"25":{"start":{"line":61,"column":2},"end":{"line":63,"column":null}},"26":{"start":{"line":62,"column":3},"end":{"line":62,"column":53}},"27":{"start":{"line":65,"column":2},"end":{"line":65,"column":16}},"28":{"start":{"line":74,"column":8},"end":{"line":91,"column":null}},"29":{"start":{"line":75,"column":17},"end":{"line":75,"column":39}},"30":{"start":{"line":76,"column":46},"end":{"line":76,"column":73}},"31":{"start":{"line":78,"column":2},"end":{"line":84,"column":null}},"32":{"start":{"line":78,"column":22},"end":{"line":78,"column":35}},"33":{"start":{"line":78,"column":22},"end":{"line":78,"column":54}},"34":{"start":{"line":78,"column":18},"end":{"line":78,"column":22}},"35":{"start":{"line":79,"column":3},"end":{"line":83,"column":null}},"36":{"start":{"line":80,"column":4},"end":{"line":80,"column":49}},"37":{"start":{"line":82,"column":4},"end":{"line":82,"column":36}},"38":{"start":{"line":86,"column":2},"end":{"line":88,"column":null}},"39":{"start":{"line":87,"column":3},"end":{"line":87,"column":53}},"40":{"start":{"line":90,"column":2},"end":{"line":90,"column":16}},"41":{"start":{"line":99,"column":9},"end":{"line":102,"column":null}},"42":{"start":{"line":100,"column":24},"end":{"line":100,"column":51}},"43":{"start":{"line":101,"column":2},"end":{"line":101,"column":50}},"44":{"start":{"line":103,"column":0},"end":{"line":103,"column":null}}},"fnMap":{"0":{"name":"(anonymous_1)","decl":{"start":{"line":18,"column":0},"end":{"line":18,"column":null}},"loc":{"start":{"line":18,"column":0},"end":{"line":103,"column":null}}},"1":{"name":"ShadowRootRenderer","decl":{"start":{"line":27,"column":1},"end":{"line":27,"column":13}},"loc":{"start":{"line":27,"column":57},"end":{"line":30,"column":2}}},"2":{"name":"(anonymous_3)","decl":{"start":{"line":38,"column":1},"end":{"line":38,"column":8}},"loc":{"start":{"line":38,"column":37},"end":{"line":66,"column":2}}},"3":{"name":"(anonymous_4)","decl":{"start":{"line":74,"column":1},"end":{"line":74,"column":8}},"loc":{"start":{"line":74,"column":69},"end":{"line":91,"column":2}}},"4":{"name":"(anonymous_5)","decl":{"start":{"line":99,"column":1},"end":{"line":99,"column":9}},"loc":{"start":{"line":99,"column":39},"end":{"line":102,"column":2}}}},"branchMap":{"0":{"loc":{"start":{"line":27,"column":13},"end":{"line":27,"column":null}},"type":"if","locations":[{"start":{"line":27,"column":13},"end":{"line":27,"column":null}},{"start":{"line":27,"column":13},"end":{"line":27,"column":null}}]},"1":{"loc":{"start":{"line":44,"column":2},"end":{"line":59,"column":null}},"type":"if","locations":[{"start":{"line":44,"column":2},"end":{"line":59,"column":null}},{"start":{"line":44,"column":2},"end":{"line":59,"column":null}}]},"2":{"loc":{"start":{"line":46,"column":9},"end":{"line":59,"column":null}},"type":"if","locations":[{"start":{"line":46,"column":9},"end":{"line":59,"column":null}},{"start":{"line":46,"column":9},"end":{"line":59,"column":null}}]},"3":{"loc":{"start":{"line":52,"column":3},"end":{"line":55,"column":null}},"type":"if","locations":[{"start":{"line":52,"column":3},"end":{"line":55,"column":null}},{"start":{"line":52,"column":3},"end":{"line":55,"column":null}}]},"4":{"loc":{"start":{"line":52,"column":7},"end":{"line":52,"column":41}},"type":"binary-expr","locations":[{"start":{"line":52,"column":7},"end":{"line":52,"column":41}},{"start":{"line":52,"column":45},"end":{"line":52,"column":71}},{"start":{"line":52,"column":75},"end":{"line":52,"column":93}}]},"5":{"loc":{"start":{"line":61,"column":2},"end":{"line":63,"column":null}},"type":"if","locations":[{"start":{"line":61,"column":2},"end":{"line":63,"column":null}},{"start":{"line":61,"column":2},"end":{"line":63,"column":null}}]},"6":{"loc":{"start":{"line":76,"column":46},"end":{"line":76,"column":62}},"type":"binary-expr","locations":[{"start":{"line":76,"column":46},"end":{"line":76,"column":62}},{"start":{"line":76,"column":66},"end":{"line":76,"column":73}}]},"7":{"loc":{"start":{"line":79,"column":3},"end":{"line":83,"column":null}},"type":"if","locations":[{"start":{"line":79,"column":3},"end":{"line":83,"column":null}},{"start":{"line":79,"column":3},"end":{"line":83,"column":null}}]},"8":{"loc":{"start":{"line":86,"column":2},"end":{"line":88,"column":null}},"type":"if","locations":[{"start":{"line":86,"column":2},"end":{"line":88,"column":null}},{"start":{"line":86,"column":2},"end":{"line":88,"column":null}}]},"9":{"loc":{"start":{"line":101,"column":25},"end":{"line":101,"column":44}},"type":"cond-expr","locations":[{"start":{"line":101,"column":25},"end":{"line":101,"column":44}},{"start":{"line":101,"column":47},"end":{"line":101,"column":49}}]}},"s":{"0":1,"1":1,"2":1,"3":1,"4":1,"5":1,"6":19,"7":11,"8":11,"9":1,"10":23,"11":23,"12":23,"13":23,"14":23,"15":0,"16":23,"17":0,"18":23,"19":23,"20":23,"21":3,"22":3,"23":23,"24":23,"25":23,"26":14,"27":23,"28":1,"29":23,"30":23,"31":23,"32":23,"33":23,"34":43,"35":43,"36":15,"37":28,"38":23,"39":14,"40":23,"41":1,"42":23,"43":23,"44":1},"f":{"0":1,"1":11,"2":23,"3":23,"4":23},"b":{"0":[8,3],"1":[0,23],"2":[0,23],"3":[3,20],"4":[23,14,14],"5":[14,9],"6":[23,23],"7":[15,28],"8":[14,9],"9":[13,10]}}
,"/home/david/Documents/Projects/happy-dom/src/html-renderer/shadow-root/ShadowRootScoper.ts": {"path":"/home/david/Documents/Projects/happy-dom/src/html-renderer/shadow-root/ShadowRootScoper.ts","statementMap":{"0":{"start":{"line":1,"column":0},"end":{"line":1,"column":50}},"1":{"start":{"line":2,"column":0},"end":{"line":2,"column":62}},"2":{"start":{"line":3,"column":0},"end":{"line":3,"column":72}},"3":{"start":{"line":4,"column":0},"end":{"line":4,"column":44}},"4":{"start":{"line":10,"column":0},"end":{"line":10,"column":null}},"5":{"start":{"line":12,"column":9},"end":{"line":12,"column":63}},"6":{"start":{"line":20,"column":2},"end":{"line":20,"column":37}},"7":{"start":{"line":31,"column":8},"end":{"line":36,"column":null}},"8":{"start":{"line":32,"column":25},"end":{"line":32,"column":48}},"9":{"start":{"line":33,"column":2},"end":{"line":33,"column":33}},"10":{"start":{"line":34,"column":2},"end":{"line":34,"column":38}},"11":{"start":{"line":35,"column":2},"end":{"line":35,"column":15}},"12":{"start":{"line":43,"column":8},"end":{"line":45,"column":null}},"13":{"start":{"line":44,"column":2},"end":{"line":44,"column":44}},"14":{"start":{"line":52,"column":9},"end":{"line":80,"column":null}},"15":{"start":{"line":53,"column":23},"end":{"line":53,"column":25}},"16":{"start":{"line":54,"column":16},"end":{"line":54,"column":71}},"17":{"start":{"line":56,"column":2},"end":{"line":61,"column":null}},"18":{"start":{"line":56,"column":15},"end":{"line":56,"column":16}},"19":{"start":{"line":56,"column":24},"end":{"line":56,"column":47}},"20":{"start":{"line":57,"column":17},"end":{"line":57,"column":36}},"21":{"start":{"line":58,"column":16},"end":{"line":58,"column":55}},"22":{"start":{"line":59,"column":3},"end":{"line":59,"column":49}},"23":{"start":{"line":60,"column":3},"end":{"line":60,"column":34}},"24":{"start":{"line":63,"column":2},"end":{"line":71,"column":null}},"25":{"start":{"line":63,"column":21},"end":{"line":63,"column":26}},"26":{"start":{"line":63,"column":17},"end":{"line":63,"column":21}},"27":{"start":{"line":64,"column":16},"end":{"line":64,"column":54}},"28":{"start":{"line":65,"column":3},"end":{"line":70,"column":null}},"29":{"start":{"line":66,"column":4},"end":{"line":68,"column":null}},"30":{"start":{"line":66,"column":24},"end":{"line":66,"column":36}},"31":{"start":{"line":66,"column":24},"end":{"line":66,"column":42}},"32":{"start":{"line":66,"column":20},"end":{"line":66,"column":24}},"33":{"start":{"line":67,"column":5},"end":{"line":67,"column":47}},"34":{"start":{"line":69,"column":4},"end":{"line":69,"column":38}},"35":{"start":{"line":73,"column":2},"end":{"line":79,"column":null}},"36":{"start":{"line":75,"column":12},"end":{"line":75,"column":163}},"37":{"start":{"line":76,"column":3},"end":{"line":78,"column":null}},"38":{"start":{"line":76,"column":23},"end":{"line":76,"column":28}},"39":{"start":{"line":76,"column":23},"end":{"line":76,"column":53}},"40":{"start":{"line":76,"column":19},"end":{"line":76,"column":23}},"41":{"start":{"line":77,"column":4},"end":{"line":77,"column":31}},"42":{"start":{"line":87,"column":9},"end":{"line":122,"column":null}},"43":{"start":{"line":88,"column":18},"end":{"line":88,"column":36}},"44":{"start":{"line":89,"column":16},"end":{"line":89,"column":35}},"45":{"start":{"line":91,"column":2},"end":{"line":121,"column":null}},"46":{"start":{"line":92,"column":15},"end":{"line":92,"column":50}},"47":{"start":{"line":94,"column":19},"end":{"line":94,"column":40}},"48":{"start":{"line":95,"column":19},"end":{"line":95,"column":39}},"49":{"start":{"line":97,"column":3},"end":{"line":100,"column":null}},"50":{"start":{"line":98,"column":4},"end":{"line":98,"column":65}},"51":{"start":{"line":99,"column":4},"end":{"line":99,"column":36}},"52":{"start":{"line":102,"column":3},"end":{"line":102,"column":34}},"53":{"start":{"line":104,"column":3},"end":{"line":104,"column":56}},"54":{"start":{"line":105,"column":9},"end":{"line":121,"column":null}},"55":{"start":{"line":106,"column":15},"end":{"line":106,"column":50}},"56":{"start":{"line":107,"column":3},"end":{"line":107,"column":29}},"57":{"start":{"line":108,"column":9},"end":{"line":121,"column":null}},"58":{"start":{"line":109,"column":18},"end":{"line":109,"column":74}},"59":{"start":{"line":111,"column":3},"end":{"line":120,"column":null}},"60":{"start":{"line":111,"column":23},"end":{"line":111,"column":29}},"61":{"start":{"line":111,"column":19},"end":{"line":111,"column":23}},"62":{"start":{"line":112,"column":16},"end":{"line":112,"column":33}},"63":{"start":{"line":113,"column":20},"end":{"line":113,"column":41}},"64":{"start":{"line":115,"column":4},"end":{"line":115,"column":35}},"65":{"start":{"line":116,"column":4},"end":{"line":116,"column":73}},"66":{"start":{"line":117,"column":4},"end":{"line":117,"column":44}},"67":{"start":{"line":119,"column":4},"end":{"line":119,"column":57}},"68":{"start":{"line":130,"column":9},"end":{"line":140,"column":null}},"69":{"start":{"line":131,"column":17},"end":{"line":131,"column":65}},"70":{"start":{"line":132,"column":12},"end":{"line":132,"column":14}},"71":{"start":{"line":134,"column":2},"end":{"line":137,"column":null}},"72":{"start":{"line":134,"column":22},"end":{"line":134,"column":28}},"73":{"start":{"line":134,"column":18},"end":{"line":134,"column":22}},"74":{"start":{"line":135,"column":3},"end":{"line":135,"column":39}},"75":{"start":{"line":136,"column":3},"end":{"line":136,"column":28}},"76":{"start":{"line":139,"column":2},"end":{"line":139,"column":13}},"77":{"start":{"line":148,"column":9},"end":{"line":159,"column":null}},"78":{"start":{"line":149,"column":2},"end":{"line":151,"column":null}},"79":{"start":{"line":150,"column":3},"end":{"line":150,"column":29}},"80":{"start":{"line":153,"column":2},"end":{"line":158,"column":null}},"81":{"start":{"line":154,"column":3},"end":{"line":157,"column":null}},"82":{"start":{"line":154,"column":16},"end":{"line":154,"column":17}},"83":{"start":{"line":154,"column":25},"end":{"line":154,"column":48}},"84":{"start":{"line":155,"column":18},"end":{"line":155,"column":37}},"85":{"start":{"line":156,"column":4},"end":{"line":156,"column":39}},"86":{"start":{"line":160,"column":0},"end":{"line":160,"column":null}}},"fnMap":{"0":{"name":"(anonymous_1)","decl":{"start":{"line":10,"column":0},"end":{"line":10,"column":null}},"loc":{"start":{"line":10,"column":0},"end":{"line":160,"column":null}}},"1":{"name":"ShadowRootScoper","decl":{"start":{"line":19,"column":1},"end":{"line":19,"column":13}},"loc":{"start":{"line":19,"column":52},"end":{"line":21,"column":2}}},"2":{"name":"(anonymous_3)","decl":{"start":{"line":31,"column":1},"end":{"line":31,"column":8}},"loc":{"start":{"line":31,"column":39},"end":{"line":36,"column":2}}},"3":{"name":"(anonymous_4)","decl":{"start":{"line":43,"column":1},"end":{"line":43,"column":8}},"loc":{"start":{"line":43,"column":1},"end":{"line":45,"column":2}}},"4":{"name":"(anonymous_5)","decl":{"start":{"line":52,"column":1},"end":{"line":52,"column":9}},"loc":{"start":{"line":52,"column":49},"end":{"line":80,"column":2}}},"5":{"name":"(anonymous_6)","decl":{"start":{"line":87,"column":1},"end":{"line":87,"column":9}},"loc":{"start":{"line":87,"column":44},"end":{"line":122,"column":2}}},"6":{"name":"(anonymous_7)","decl":{"start":{"line":130,"column":1},"end":{"line":130,"column":9}},"loc":{"start":{"line":130,"column":42},"end":{"line":140,"column":2}}},"7":{"name":"(anonymous_8)","decl":{"start":{"line":148,"column":1},"end":{"line":148,"column":9}},"loc":{"start":{"line":148,"column":69},"end":{"line":159,"column":2}}}},"branchMap":{"0":{"loc":{"start":{"line":58,"column":16},"end":{"line":58,"column":42}},"type":"binary-expr","locations":[{"start":{"line":58,"column":16},"end":{"line":58,"column":42}},{"start":{"line":58,"column":46},"end":{"line":58,"column":55}}]},"1":{"loc":{"start":{"line":59,"column":24},"end":{"line":59,"column":42}},"type":"binary-expr","locations":[{"start":{"line":59,"column":24},"end":{"line":59,"column":42}},{"start":{"line":59,"column":46},"end":{"line":59,"column":48}}]},"2":{"loc":{"start":{"line":64,"column":16},"end":{"line":64,"column":41}},"type":"binary-expr","locations":[{"start":{"line":64,"column":16},"end":{"line":64,"column":41}},{"start":{"line":64,"column":45},"end":{"line":64,"column":54}}]},"3":{"loc":{"start":{"line":65,"column":3},"end":{"line":70,"column":null}},"type":"if","locations":[{"start":{"line":65,"column":3},"end":{"line":70,"column":null}},{"start":{"line":65,"column":3},"end":{"line":70,"column":null}}]},"4":{"loc":{"start":{"line":73,"column":2},"end":{"line":79,"column":null}},"type":"if","locations":[{"start":{"line":73,"column":2},"end":{"line":79,"column":null}},{"start":{"line":73,"column":2},"end":{"line":79,"column":null}}]},"5":{"loc":{"start":{"line":91,"column":2},"end":{"line":121,"column":null}},"type":"if","locations":[{"start":{"line":91,"column":2},"end":{"line":121,"column":null}},{"start":{"line":91,"column":2},"end":{"line":121,"column":null}}]},"6":{"loc":{"start":{"line":91,"column":6},"end":{"line":91,"column":24}},"type":"binary-expr","locations":[{"start":{"line":91,"column":6},"end":{"line":91,"column":24}},{"start":{"line":91,"column":28},"end":{"line":91,"column":44}}]},"7":{"loc":{"start":{"line":97,"column":3},"end":{"line":100,"column":null}},"type":"if","locations":[{"start":{"line":97,"column":3},"end":{"line":100,"column":null}},{"start":{"line":97,"column":3},"end":{"line":100,"column":null}}]},"8":{"loc":{"start":{"line":105,"column":9},"end":{"line":121,"column":null}},"type":"if","locations":[{"start":{"line":105,"column":9},"end":{"line":121,"column":null}},{"start":{"line":105,"column":9},"end":{"line":121,"column":null}}]},"9":{"loc":{"start":{"line":108,"column":9},"end":{"line":121,"column":null}},"type":"if","locations":[{"start":{"line":108,"column":9},"end":{"line":121,"column":null}},{"start":{"line":108,"column":9},"end":{"line":121,"column":null}}]},"10":{"loc":{"start":{"line":149,"column":2},"end":{"line":151,"column":null}},"type":"if","locations":[{"start":{"line":149,"column":2},"end":{"line":151,"column":null}},{"start":{"line":149,"column":2},"end":{"line":151,"column":null}}]},"11":{"loc":{"start":{"line":153,"column":2},"end":{"line":158,"column":null}},"type":"if","locations":[{"start":{"line":153,"column":2},"end":{"line":158,"column":null}},{"start":{"line":153,"column":2},"end":{"line":158,"column":null}}]},"12":{"loc":{"start":{"line":153,"column":6},"end":{"line":153,"column":35}},"type":"binary-expr","locations":[{"start":{"line":153,"column":6},"end":{"line":153,"column":35}},{"start":{"line":153,"column":40},"end":{"line":153,"column":66}},{"start":{"line":153,"column":70},"end":{"line":153,"column":96}}]}},"s":{"0":1,"1":1,"2":1,"3":1,"4":1,"5":11,"6":11,"7":1,"8":3,"9":3,"10":3,"11":3,"12":1,"13":28,"14":1,"15":3,"16":3,"17":3,"18":3,"19":3,"20":0,"21":0,"22":0,"23":0,"24":3,"25":6,"26":0,"27":0,"28":0,"29":0,"30":0,"31":0,"32":0,"33":0,"34":0,"35":3,"36":0,"37":0,"38":0,"39":0,"40":0,"41":0,"42":1,"43":3,"44":3,"45":3,"46":1,"47":1,"48":1,"49":1,"50":1,"51":1,"52":1,"53":1,"54":2,"55":0,"56":0,"57":2,"58":1,"59":1,"60":2,"61":1,"62":1,"63":1,"64":1,"65":1,"66":1,"67":1,"68":1,"69":1,"70":1,"71":1,"72":2,"73":1,"74":1,"75":1,"76":1,"77":1,"78":7,"79":5,"80":7,"81":7,"82":7,"83":7,"84":5,"85":5,"86":1},"f":{"0":1,"1":11,"2":3,"3":28,"4":3,"5":3,"6":1,"7":7},"b":{"0":[0,0],"1":[0,0],"2":[0,0],"3":[0,0],"4":[0,3],"5":[1,2],"6":[3,1],"7":[1,0],"8":[0,2],"9":[1,1],"10":[5,2],"11":[7,0],"12":[7,5,5]}}
,"/home/david/Documents/Projects/happy-dom/src/html-renderer/shadow-root/css/ScopedCSSCache.ts": {"path":"/home/david/Documents/Projects/happy-dom/src/html-renderer/shadow-root/css/ScopedCSSCache.ts","statementMap":{"0":{"start":{"line":1,"column":12},"end":{"line":1,"column":76}},"1":{"start":{"line":6,"column":0},"end":{"line":6,"column":null}},"2":{"start":{"line":7,"column":9},"end":{"line":7,"column":33}},"3":{"start":{"line":8,"column":9},"end":{"line":8,"column":31}},"4":{"start":{"line":15,"column":8},"end":{"line":17,"column":null}},"5":{"start":{"line":16,"column":2},"end":{"line":16,"column":30}},"6":{"start":{"line":25,"column":8},"end":{"line":31,"column":null}},"7":{"start":{"line":26,"column":16},"end":{"line":26,"column":47}},"8":{"start":{"line":27,"column":2},"end":{"line":29,"column":null}},"9":{"start":{"line":28,"column":3},"end":{"line":28,"column":29}},"10":{"start":{"line":30,"column":2},"end":{"line":30,"column":14}},"11":{"start":{"line":39,"column":8},"end":{"line":48,"column":null}},"12":{"start":{"line":40,"column":16},"end":{"line":40,"column":47}},"13":{"start":{"line":41,"column":2},"end":{"line":47,"column":null}},"14":{"start":{"line":42,"column":3},"end":{"line":42,"column":35}},"15":{"start":{"line":43,"column":3},"end":{"line":43,"column":34}},"16":{"start":{"line":45,"column":3},"end":{"line":45,"column":32}},"17":{"start":{"line":46,"column":3},"end":{"line":46,"column":31}},"18":{"start":{"line":55,"column":8},"end":{"line":61,"column":null}},"19":{"start":{"line":56,"column":16},"end":{"line":56,"column":47}},"20":{"start":{"line":57,"column":2},"end":{"line":60,"column":null}},"21":{"start":{"line":58,"column":3},"end":{"line":58,"column":34}},"22":{"start":{"line":59,"column":3},"end":{"line":59,"column":32}},"23":{"start":{"line":69,"column":8},"end":{"line":75,"column":null}},"24":{"start":{"line":70,"column":16},"end":{"line":70,"column":47}},"25":{"start":{"line":71,"column":2},"end":{"line":73,"column":null}},"26":{"start":{"line":72,"column":3},"end":{"line":72,"column":35}},"27":{"start":{"line":74,"column":2},"end":{"line":74,"column":49}},"28":{"start":{"line":80,"column":8},"end":{"line":83,"column":null}},"29":{"start":{"line":81,"column":2},"end":{"line":81,"column":21}},"30":{"start":{"line":82,"column":2},"end":{"line":82,"column":19}},"31":{"start":{"line":91,"column":9},"end":{"line":93,"column":null}},"32":{"start":{"line":92,"column":2},"end":{"line":92,"column":61}},"33":{"start":{"line":94,"column":0},"end":{"line":94,"column":null}}},"fnMap":{"0":{"name":"(anonymous_0)","decl":{"start":{"line":6,"column":0},"end":{"line":6,"column":null}},"loc":{"start":{"line":6,"column":0},"end":{"line":94,"column":null}}},"1":{"name":"(anonymous_2)","decl":{"start":{"line":15,"column":1},"end":{"line":15,"column":8}},"loc":{"start":{"line":15,"column":1},"end":{"line":17,"column":2}}},"2":{"name":"(anonymous_3)","decl":{"start":{"line":25,"column":1},"end":{"line":25,"column":8}},"loc":{"start":{"line":25,"column":34},"end":{"line":31,"column":2}}},"3":{"name":"(anonymous_4)","decl":{"start":{"line":39,"column":1},"end":{"line":39,"column":8}},"loc":{"start":{"line":39,"column":53},"end":{"line":48,"column":2}}},"4":{"name":"(anonymous_5)","decl":{"start":{"line":55,"column":1},"end":{"line":55,"column":8}},"loc":{"start":{"line":55,"column":37},"end":{"line":61,"column":2}}},"5":{"name":"(anonymous_6)","decl":{"start":{"line":69,"column":1},"end":{"line":69,"column":8}},"loc":{"start":{"line":69,"column":35},"end":{"line":75,"column":2}}},"6":{"name":"(anonymous_7)","decl":{"start":{"line":80,"column":1},"end":{"line":80,"column":8}},"loc":{"start":{"line":80,"column":1},"end":{"line":83,"column":2}}},"7":{"name":"(anonymous_8)","decl":{"start":{"line":91,"column":1},"end":{"line":91,"column":9}},"loc":{"start":{"line":91,"column":35},"end":{"line":93,"column":2}}}},"branchMap":{"0":{"loc":{"start":{"line":27,"column":2},"end":{"line":29,"column":null}},"type":"if","locations":[{"start":{"line":27,"column":2},"end":{"line":29,"column":null}},{"start":{"line":27,"column":2},"end":{"line":29,"column":null}}]},"1":{"loc":{"start":{"line":41,"column":2},"end":{"line":47,"column":null}},"type":"if","locations":[{"start":{"line":41,"column":2},"end":{"line":47,"column":null}},{"start":{"line":41,"column":2},"end":{"line":47,"column":null}}]},"2":{"loc":{"start":{"line":57,"column":2},"end":{"line":60,"column":null}},"type":"if","locations":[{"start":{"line":57,"column":2},"end":{"line":60,"column":null}},{"start":{"line":57,"column":2},"end":{"line":60,"column":null}}]},"3":{"loc":{"start":{"line":71,"column":2},"end":{"line":73,"column":null}},"type":"if","locations":[{"start":{"line":71,"column":2},"end":{"line":73,"column":null}},{"start":{"line":71,"column":2},"end":{"line":73,"column":null}}]},"4":{"loc":{"start":{"line":92,"column":36},"end":{"line":92,"column":46}},"type":"cond-expr","locations":[{"start":{"line":92,"column":36},"end":{"line":92,"column":46}},{"start":{"line":92,"column":49},"end":{"line":92,"column":60}}]}},"s":{"0":1,"1":1,"2":11,"3":11,"4":1,"5":28,"6":1,"7":1,"8":1,"9":0,"10":1,"11":1,"12":2,"13":2,"14":0,"15":0,"16":2,"17":2,"18":1,"19":0,"20":0,"21":0,"22":0,"23":1,"24":2,"25":2,"26":0,"27":2,"28":1,"29":0,"30":0,"31":1,"32":2,"33":1},"f":{"0":12,"1":28,"2":1,"3":2,"4":0,"5":2,"6":0,"7":2},"b":{"0":[0,1],"1":[0,2],"2":[0,0],"3":[0,2],"4":[2,0]}}
,"/home/david/Documents/Projects/happy-dom/src/html-renderer/shadow-root/css/StyleScoper.ts": {"path":"/home/david/Documents/Projects/happy-dom/src/html-renderer/shadow-root/css/StyleScoper.ts","statementMap":{"0":{"start":{"line":1,"column":0},"end":{"line":1,"column":31}},"1":{"start":{"line":6,"column":0},"end":{"line":6,"column":null}},"2":{"start":{"line":15,"column":15},"end":{"line":92,"column":null}},"3":{"start":{"line":16,"column":14},"end":{"line":16,"column":32}},"4":{"start":{"line":17,"column":17},"end":{"line":17,"column":19}},"5":{"start":{"line":19,"column":2},"end":{"line":89,"column":5}},"6":{"start":{"line":20,"column":3},"end":{"line":88,"column":null}},"7":{"start":{"line":21,"column":4},"end":{"line":87,"column":null}},"8":{"start":{"line":22,"column":21},"end":{"line":25,"column":7}},"9":{"start":{"line":27,"column":5},"end":{"line":27,"column":33}},"10":{"start":{"line":28,"column":5},"end":{"line":28,"column":20}},"11":{"start":{"line":30,"column":5},"end":{"line":30,"column":32}},"12":{"start":{"line":31,"column":5},"end":{"line":31,"column":23}},"13":{"start":{"line":33,"column":5},"end":{"line":62,"column":null}},"14":{"start":{"line":34,"column":6},"end":{"line":61,"column":null}},"15":{"start":{"line":35,"column":21},"end":{"line":38,"column":19}},"16":{"start":{"line":39,"column":36},"end":{"line":54,"column":9}},"17":{"start":{"line":55,"column":30},"end":{"line":58,"column":9}},"18":{"start":{"line":59,"column":7},"end":{"line":59,"column":36}},"19":{"start":{"line":60,"column":7},"end":{"line":60,"column":42}},"20":{"start":{"line":63,"column":11},"end":{"line":87,"column":null}},"21":{"start":{"line":64,"column":5},"end":{"line":64,"column":33}},"22":{"start":{"line":65,"column":5},"end":{"line":65,"column":20}},"23":{"start":{"line":66,"column":11},"end":{"line":87,"column":null}},"24":{"start":{"line":67,"column":21},"end":{"line":70,"column":7}},"25":{"start":{"line":71,"column":5},"end":{"line":71,"column":32}},"26":{"start":{"line":73,"column":5},"end":{"line":73,"column":23}},"27":{"start":{"line":74,"column":11},"end":{"line":87,"column":null}},"28":{"start":{"line":75,"column":21},"end":{"line":78,"column":7}},"29":{"start":{"line":80,"column":5},"end":{"line":84,"column":null}},"30":{"start":{"line":81,"column":6},"end":{"line":81,"column":38}},"31":{"start":{"line":83,"column":6},"end":{"line":83,"column":27}},"32":{"start":{"line":86,"column":5},"end":{"line":86,"column":26}},"33":{"start":{"line":91,"column":2},"end":{"line":91,"column":31}},"34":{"start":{"line":93,"column":0},"end":{"line":93,"column":null}}},"fnMap":{"0":{"name":"(anonymous_1)","decl":{"start":{"line":6,"column":0},"end":{"line":6,"column":null}},"loc":{"start":{"line":6,"column":0},"end":{"line":93,"column":null}}},"1":{"name":"(anonymous_3)","decl":{"start":{"line":15,"column":1},"end":{"line":15,"column":15}},"loc":{"start":{"line":15,"column":61},"end":{"line":92,"column":2}}},"2":{"name":"(anonymous_4)","decl":{"start":{"line":19,"column":20},"end":{"line":19,"column":21}},"loc":{"start":{"line":19,"column":37},"end":{"line":89,"column":3}}}},"branchMap":{"0":{"loc":{"start":{"line":20,"column":3},"end":{"line":88,"column":null}},"type":"if","locations":[{"start":{"line":20,"column":3},"end":{"line":88,"column":null}},{"start":{"line":20,"column":3},"end":{"line":88,"column":null}}]},"1":{"loc":{"start":{"line":21,"column":4},"end":{"line":87,"column":null}},"type":"if","locations":[{"start":{"line":21,"column":4},"end":{"line":87,"column":null}},{"start":{"line":21,"column":4},"end":{"line":87,"column":null}}]},"2":{"loc":{"start":{"line":21,"column":8},"end":{"line":21,"column":43}},"type":"binary-expr","locations":[{"start":{"line":21,"column":8},"end":{"line":21,"column":43}},{"start":{"line":21,"column":47},"end":{"line":21,"column":67}}]},"3":{"loc":{"start":{"line":33,"column":5},"end":{"line":62,"column":null}},"type":"if","locations":[{"start":{"line":33,"column":5},"end":{"line":62,"column":null}},{"start":{"line":33,"column":5},"end":{"line":62,"column":null}}]},"4":{"loc":{"start":{"line":33,"column":9},"end":{"line":33,"column":22}},"type":"binary-expr","locations":[{"start":{"line":33,"column":9},"end":{"line":33,"column":22}},{"start":{"line":33,"column":26},"end":{"line":33,"column":64}}]},"5":{"loc":{"start":{"line":34,"column":6},"end":{"line":61,"column":null}},"type":"if","locations":[{"start":{"line":34,"column":6},"end":{"line":61,"column":null}},{"start":{"line":34,"column":6},"end":{"line":61,"column":null}}]},"6":{"loc":{"start":{"line":63,"column":11},"end":{"line":87,"column":null}},"type":"if","locations":[{"start":{"line":63,"column":11},"end":{"line":87,"column":null}},{"start":{"line":63,"column":11},"end":{"line":87,"column":null}}]},"7":{"loc":{"start":{"line":63,"column":15},"end":{"line":63,"column":43}},"type":"binary-expr","locations":[{"start":{"line":63,"column":15},"end":{"line":63,"column":43}},{"start":{"line":63,"column":47},"end":{"line":63,"column":64}}]},"8":{"loc":{"start":{"line":66,"column":11},"end":{"line":87,"column":null}},"type":"if","locations":[{"start":{"line":66,"column":11},"end":{"line":87,"column":null}},{"start":{"line":66,"column":11},"end":{"line":87,"column":null}}]},"9":{"loc":{"start":{"line":74,"column":11},"end":{"line":87,"column":null}},"type":"if","locations":[{"start":{"line":74,"column":11},"end":{"line":87,"column":null}},{"start":{"line":74,"column":11},"end":{"line":87,"column":null}}]},"10":{"loc":{"start":{"line":74,"column":15},"end":{"line":74,"column":44}},"type":"binary-expr","locations":[{"start":{"line":74,"column":15},"end":{"line":74,"column":44}},{"start":{"line":74,"column":48},"end":{"line":74,"column":76}}]},"11":{"loc":{"start":{"line":80,"column":5},"end":{"line":84,"column":null}},"type":"if","locations":[{"start":{"line":80,"column":5},"end":{"line":84,"column":null}},{"start":{"line":80,"column":5},"end":{"line":84,"column":null}}]}},"s":{"0":1,"1":1,"2":1,"3":2,"4":2,"5":2,"6":126,"7":114,"8":2,"9":2,"10":2,"11":2,"12":2,"13":2,"14":0,"15":0,"16":0,"17":0,"18":0,"19":0,"20":112,"21":0,"22":0,"23":112,"24":4,"25":4,"26":4,"27":108,"28":12,"29":12,"30":6,"31":6,"32":12,"33":2,"34":1},"f":{"0":1,"1":2,"2":126},"b":{"0":[114,12],"1":[2,112],"2":[114,2],"3":[0,2],"4":[2,0],"5":[0,0],"6":[0,112],"7":[112,4],"8":[4,108],"9":[12,96],"10":[108,100],"11":[6,6]}}
,"/home/david/Documents/Projects/happy-dom/src/location/Location.ts": {"path":"/home/david/Documents/Projects/happy-dom/src/location/Location.ts","statementMap":{"0":{"start":{"line":1,"column":0},"end":{"line":1,"column":24}},"1":{"start":{"line":3,"column":0},"end":{"line":3,"column":null}},"2":{"start":{"line":3,"column":38},"end":{"line":3,"column":41}},"3":{"start":{"line":8,"column":2},"end":{"line":8,"column":null}},"4":{"start":{"line":16,"column":8},"end":{"line":18,"column":null}},"5":{"start":{"line":17,"column":2},"end":{"line":17,"column":18}},"6":{"start":{"line":27,"column":8},"end":{"line":29,"column":null}},"7":{"start":{"line":28,"column":2},"end":{"line":28,"column":20}},"8":{"start":{"line":36,"column":8},"end":{"line":38,"column":null}},"9":{"start":{"line":39,"column":0},"end":{"line":39,"column":null}}},"fnMap":{"0":{"name":"(anonymous_7)","decl":{"start":{"line":3,"column":0},"end":{"line":3,"column":38}},"loc":{"start":{"line":3,"column":0},"end":{"line":39,"column":null}}},"1":{"name":"Location","decl":{"start":{"line":7,"column":1},"end":{"line":7,"column":null}},"loc":{"start":{"line":7,"column":1},"end":{"line":9,"column":2}}},"2":{"name":"(anonymous_9)","decl":{"start":{"line":16,"column":1},"end":{"line":16,"column":8}},"loc":{"start":{"line":16,"column":27},"end":{"line":18,"column":2}}},"3":{"name":"(anonymous_10)","decl":{"start":{"line":27,"column":1},"end":{"line":27,"column":8}},"loc":{"start":{"line":27,"column":26},"end":{"line":29,"column":2}}},"4":{"name":"(anonymous_11)","decl":{"start":{"line":36,"column":1},"end":{"line":36,"column":8}},"loc":{"start":{"line":36,"column":1},"end":{"line":38,"column":2}}}},"branchMap":{"0":{"loc":{"start":{"line":8,"column":2},"end":{"line":8,"column":11}},"type":"binary-expr","locations":[{"start":{"line":8,"column":2},"end":{"line":8,"column":11}},{"start":{"line":8,"column":11},"end":{"line":8,"column":null}}]}},"s":{"0":7,"1":7,"2":7,"3":28,"4":7,"5":3,"6":7,"7":0,"8":7,"9":7},"f":{"0":7,"1":28,"2":3,"3":0,"4":1},"b":{"0":[28,28]}}
,"/home/david/Documents/Projects/happy-dom/src/location/URL.ts": {"path":"/home/david/Documents/Projects/happy-dom/src/location/URL.ts","statementMap":{"0":{"start":{"line":1,"column":19},"end":{"line":1,"column":129}},"1":{"start":{"line":3,"column":0},"end":{"line":3,"column":null}},"2":{"start":{"line":4,"column":8},"end":{"line":4,"column":30}},"3":{"start":{"line":5,"column":8},"end":{"line":5,"column":30}},"4":{"start":{"line":6,"column":8},"end":{"line":6,"column":26}},"5":{"start":{"line":7,"column":8},"end":{"line":7,"column":30}},"6":{"start":{"line":8,"column":8},"end":{"line":8,"column":28}},"7":{"start":{"line":9,"column":8},"end":{"line":9,"column":26}},"8":{"start":{"line":10,"column":8},"end":{"line":10,"column":30}},"9":{"start":{"line":11,"column":8},"end":{"line":11,"column":30}},"10":{"start":{"line":19,"column":2},"end":{"line":21,"column":null}},"11":{"start":{"line":20,"column":3},"end":{"line":20,"column":19}},"12":{"start":{"line":27,"column":8},"end":{"line":29,"column":null}},"13":{"start":{"line":28,"column":2},"end":{"line":28,"column":19}},"14":{"start":{"line":36,"column":11},"end":{"line":53,"column":null}},"15":{"start":{"line":37,"column":16},"end":{"line":37,"column":37}},"16":{"start":{"line":38,"column":2},"end":{"line":40,"column":null}},"17":{"start":{"line":39,"column":3},"end":{"line":39,"column":86}},"18":{"start":{"line":42,"column":23},"end":{"line":42,"column":58}},"19":{"start":{"line":43,"column":26},"end":{"line":43,"column":85}},"20":{"start":{"line":45,"column":2},"end":{"line":45,"column":33}},"21":{"start":{"line":46,"column":2},"end":{"line":46,"column":78}},"22":{"start":{"line":47,"column":2},"end":{"line":47,"column":29}},"23":{"start":{"line":48,"column":2},"end":{"line":48,"column":33}},"24":{"start":{"line":49,"column":2},"end":{"line":49,"column":31}},"25":{"start":{"line":50,"column":2},"end":{"line":50,"column":29}},"26":{"start":{"line":51,"column":2},"end":{"line":51,"column":60}},"27":{"start":{"line":52,"column":2},"end":{"line":52,"column":60}},"28":{"start":{"line":60,"column":1},"end":{"line":63,"column":null}},"29":{"start":{"line":61,"column":22},"end":{"line":61,"column":79}},"30":{"start":{"line":62,"column":2},"end":{"line":62,"column":98}},"31":{"start":{"line":71,"column":2},"end":{"line":71,"column":18}},"32":{"start":{"line":79,"column":1},"end":{"line":81,"column":null}},"33":{"start":{"line":80,"column":2},"end":{"line":80,"column":42}},"34":{"start":{"line":88,"column":1},"end":{"line":90,"column":null}},"35":{"start":{"line":89,"column":2},"end":{"line":89,"column":35}},"36":{"start":{"line":91,"column":0},"end":{"line":91,"column":null}}},"fnMap":{"0":{"name":"(anonymous_0)","decl":{"start":{"line":3,"column":0},"end":{"line":3,"column":null}},"loc":{"start":{"line":3,"column":0},"end":{"line":91,"column":null}}},"1":{"name":"URL","decl":{"start":{"line":18,"column":1},"end":{"line":18,"column":13}},"loc":{"start":{"line":18,"column":24},"end":{"line":22,"column":2}}},"2":{"name":"(anonymous_2)","decl":{"start":{"line":27,"column":1},"end":{"line":27,"column":8}},"loc":{"start":{"line":27,"column":1},"end":{"line":29,"column":2}}},"3":{"name":"(anonymous_3)","decl":{"start":{"line":36,"column":1},"end":{"line":36,"column":11}},"loc":{"start":{"line":36,"column":28},"end":{"line":53,"column":2}}},"4":{"name":"(anonymous_4)","decl":{"start":{"line":60,"column":1},"end":{"line":60,"column":12}},"loc":{"start":{"line":60,"column":1},"end":{"line":63,"column":2}}},"5":{"name":"(anonymous_5)","decl":{"start":{"line":70,"column":1},"end":{"line":70,"column":17}},"loc":{"start":{"line":70,"column":28},"end":{"line":72,"column":2}}},"6":{"name":"(anonymous_6)","decl":{"start":{"line":79,"column":1},"end":{"line":79,"column":12}},"loc":{"start":{"line":79,"column":1},"end":{"line":81,"column":2}}},"7":{"name":"(anonymous_7)","decl":{"start":{"line":88,"column":1},"end":{"line":88,"column":12}},"loc":{"start":{"line":88,"column":1},"end":{"line":90,"column":2}}}},"branchMap":{"0":{"loc":{"start":{"line":19,"column":2},"end":{"line":21,"column":null}},"type":"if","locations":[{"start":{"line":19,"column":2},"end":{"line":21,"column":null}},{"start":{"line":19,"column":2},"end":{"line":21,"column":null}}]},"1":{"loc":{"start":{"line":38,"column":2},"end":{"line":40,"column":null}},"type":"if","locations":[{"start":{"line":38,"column":2},"end":{"line":40,"column":null}},{"start":{"line":38,"column":2},"end":{"line":40,"column":null}}]},"2":{"loc":{"start":{"line":42,"column":34},"end":{"line":42,"column":53}},"type":"cond-expr","locations":[{"start":{"line":42,"column":34},"end":{"line":42,"column":53}},{"start":{"line":42,"column":56},"end":{"line":42,"column":58}}]},"3":{"loc":{"start":{"line":43,"column":52},"end":{"line":43,"column":78}},"type":"cond-expr","locations":[{"start":{"line":43,"column":52},"end":{"line":43,"column":78}},{"start":{"line":43,"column":81},"end":{"line":43,"column":85}}]},"4":{"loc":{"start":{"line":45,"column":18},"end":{"line":45,"column":26}},"type":"binary-expr","locations":[{"start":{"line":45,"column":18},"end":{"line":45,"column":26}},{"start":{"line":45,"column":30},"end":{"line":45,"column":32}}]},"5":{"loc":{"start":{"line":46,"column":44},"end":{"line":46,"column":59}},"type":"cond-expr","locations":[{"start":{"line":46,"column":44},"end":{"line":46,"column":59}},{"start":{"line":46,"column":62},"end":{"line":46,"column":77}}]},"6":{"loc":{"start":{"line":47,"column":14},"end":{"line":47,"column":22}},"type":"binary-expr","locations":[{"start":{"line":47,"column":14},"end":{"line":47,"column":22}},{"start":{"line":47,"column":26},"end":{"line":47,"column":28}}]},"7":{"loc":{"start":{"line":48,"column":18},"end":{"line":48,"column":26}},"type":"binary-expr","locations":[{"start":{"line":48,"column":18},"end":{"line":48,"column":26}},{"start":{"line":48,"column":30},"end":{"line":48,"column":32}}]},"8":{"loc":{"start":{"line":49,"column":16},"end":{"line":49,"column":24}},"type":"binary-expr","locations":[{"start":{"line":49,"column":16},"end":{"line":49,"column":24}},{"start":{"line":49,"column":28},"end":{"line":49,"column":30}}]},"9":{"loc":{"start":{"line":50,"column":14},"end":{"line":50,"column":22}},"type":"binary-expr","locations":[{"start":{"line":50,"column":14},"end":{"line":50,"column":22}},{"start":{"line":50,"column":26},"end":{"line":50,"column":28}}]},"10":{"loc":{"start":{"line":51,"column":36},"end":{"line":51,"column":54}},"type":"cond-expr","locations":[{"start":{"line":51,"column":36},"end":{"line":51,"column":54}},{"start":{"line":51,"column":57},"end":{"line":51,"column":59}}]},"11":{"loc":{"start":{"line":52,"column":36},"end":{"line":52,"column":54}},"type":"cond-expr","locations":[{"start":{"line":52,"column":36},"end":{"line":52,"column":54}},{"start":{"line":52,"column":57},"end":{"line":52,"column":59}}]},"12":{"loc":{"start":{"line":61,"column":41},"end":{"line":61,"column":74}},"type":"cond-expr","locations":[{"start":{"line":61,"column":41},"end":{"line":61,"column":74}},{"start":{"line":61,"column":77},"end":{"line":61,"column":79}}]}},"s":{"0":8,"1":8,"2":31,"3":31,"4":31,"5":31,"6":31,"7":31,"8":31,"9":31,"10":31,"11":3,"12":8,"13":0,"14":8,"15":6,"16":6,"17":0,"18":6,"19":6,"20":6,"21":6,"22":6,"23":6,"24":6,"25":6,"26":6,"27":6,"28":8,"29":6,"30":6,"31":0,"32":8,"33":3,"34":8,"35":12,"36":8},"f":{"0":8,"1":31,"2":0,"3":6,"4":6,"5":0,"6":3,"7":12},"b":{"0":[3,28],"1":[0,6],"2":[6,0],"3":[1,5],"4":[6,0],"5":[1,5],"6":[6,5],"7":[6,0],"8":[6,2],"9":[6,2],"10":[1,5],"11":[1,5],"12":[1,5]}}
,"/home/david/Documents/Projects/happy-dom/src/mutation-observer/MutationListener.ts": {"path":"/home/david/Documents/Projects/happy-dom/src/mutation-observer/MutationListener.ts","statementMap":{"0":{"start":{"line":7,"column":0},"end":{"line":7,"column":null}},"1":{"start":{"line":8,"column":8},"end":{"line":8,"column":46}},"2":{"start":{"line":9,"column":8},"end":{"line":9,"column":60}},"3":{"start":{"line":10,"column":0},"end":{"line":10,"column":null}}},"fnMap":{"0":{"name":"(anonymous_0)","decl":{"start":{"line":7,"column":0},"end":{"line":7,"column":null}},"loc":{"start":{"line":7,"column":0},"end":{"line":10,"column":null}}}},"branchMap":{},"s":{"0":6,"1":5,"2":5,"3":6},"f":{"0":11},"b":{}}
,"/home/david/Documents/Projects/happy-dom/src/mutation-observer/MutationObserver.ts": {"path":"/home/david/Documents/Projects/happy-dom/src/mutation-observer/MutationObserver.ts","statementMap":{"0":{"start":{"line":3,"column":0},"end":{"line":3,"column":58}},"1":{"start":{"line":11,"column":0},"end":{"line":11,"column":null}},"2":{"start":{"line":13,"column":9},"end":{"line":13,"column":29}},"3":{"start":{"line":14,"column":9},"end":{"line":14,"column":51}},"4":{"start":{"line":22,"column":2},"end":{"line":22,"column":27}},"5":{"start":{"line":31,"column":8},"end":{"line":46,"column":null}},"6":{"start":{"line":32,"column":2},"end":{"line":34,"column":null}},"7":{"start":{"line":33,"column":3},"end":{"line":33,"column":97}},"8":{"start":{"line":36,"column":2},"end":{"line":38,"column":5}},"9":{"start":{"line":37,"column":82},"end":{"line":37,"column":101}},"10":{"start":{"line":40,"column":2},"end":{"line":40,"column":23}},"11":{"start":{"line":41,"column":2},"end":{"line":41,"column":49}},"12":{"start":{"line":42,"column":2},"end":{"line":42,"column":34}},"13":{"start":{"line":43,"column":2},"end":{"line":43,"column":52}},"14":{"start":{"line":45,"column":2},"end":{"line":45,"column":33}},"15":{"start":{"line":51,"column":8},"end":{"line":53,"column":null}},"16":{"start":{"line":52,"column":2},"end":{"line":52,"column":40}},"17":{"start":{"line":58,"column":8},"end":{"line":60,"column":null}},"18":{"start":{"line":59,"column":2},"end":{"line":59,"column":12}},"19":{"start":{"line":61,"column":0},"end":{"line":61,"column":null}}},"fnMap":{"0":{"name":"(anonymous_1)","decl":{"start":{"line":11,"column":0},"end":{"line":11,"column":null}},"loc":{"start":{"line":11,"column":0},"end":{"line":61,"column":null}}},"1":{"name":"MutationObserver","decl":{"start":{"line":21,"column":1},"end":{"line":21,"column":13}},"loc":{"start":{"line":21,"column":58},"end":{"line":23,"column":2}}},"2":{"name":"(anonymous_3)","decl":{"start":{"line":31,"column":1},"end":{"line":31,"column":8}},"loc":{"start":{"line":31,"column":60},"end":{"line":46,"column":2}}},"3":{"name":"(anonymous_4)","decl":{"start":{"line":37,"column":74},"end":{"line":37,"column":78}},"loc":{"start":{"line":37,"column":78},"end":{"line":37,"column":86}}},"4":{"name":"(anonymous_5)","decl":{"start":{"line":51,"column":1},"end":{"line":51,"column":8}},"loc":{"start":{"line":51,"column":1},"end":{"line":53,"column":2}}},"5":{"name":"(anonymous_6)","decl":{"start":{"line":58,"column":1},"end":{"line":58,"column":8}},"loc":{"start":{"line":58,"column":1},"end":{"line":60,"column":2}}}},"branchMap":{"0":{"loc":{"start":{"line":32,"column":2},"end":{"line":34,"column":null}},"type":"if","locations":[{"start":{"line":32,"column":2},"end":{"line":34,"column":null}},{"start":{"line":32,"column":2},"end":{"line":34,"column":null}}]},"1":{"loc":{"start":{"line":37,"column":46},"end":{"line":37,"column":101}},"type":"cond-expr","locations":[{"start":{"line":37,"column":46},"end":{"line":37,"column":101}},{"start":{"line":37,"column":104},"end":{"line":37,"column":108}}]}},"s":{"0":6,"1":6,"2":5,"3":5,"4":5,"5":6,"6":5,"7":0,"8":5,"9":1,"10":5,"11":5,"12":5,"13":5,"14":5,"15":6,"16":0,"17":6,"18":0,"19":6},"f":{"0":6,"1":5,"2":5,"3":1,"4":0,"5":0},"b":{"0":[0,5],"1":[1,4]}}
[...]
":{"line":66,"column":2},"end":{"line":70,"column":null}},"24":{"start":{"line":67,"column":3},"end":{"line":69,"column":null}},"25":{"start":{"line":68,"column":4},"end":{"line":68,"column":17}},"26":{"start":{"line":72,"column":2},"end":{"line":72,"column":14}},"27":{"start":{"line":74,"column":0},"end":{"line":74,"column":null}}},"fnMap":{"0":{"name":"(anonymous_0)","decl":{"start":{"line":6,"column":0},"end":{"line":6,"column":null}},"loc":{"start":{"line":6,"column":0},"end":{"line":74,"column":null}}},"1":{"name":"SelectorItem","decl":{"start":{"line":19,"column":1},"end":{"line":19,"column":13}},"loc":{"start":{"line":19,"column":25},"end":{"line":26,"column":2}}},"2":{"name":"(anonymous_2)","decl":{"start":{"line":34,"column":1},"end":{"line":34,"column":8}},"loc":{"start":{"line":34,"column":30},"end":{"line":73,"column":2}}}},"branchMap":{"0":{"loc":{"start":{"line":21,"column":21},"end":{"line":21,"column":31}},"type":"binary-expr","locations":[{"start":{"line":21,"column":21},"end":{"line":21,"column":31}},{"start":{"line":21,"column":35},"end":{"line":21,"column":62}}]},"1":{"loc":{"start":{"line":22,"column":17},"end":{"line":22,"column":27}},"type":"binary-expr","locations":[{"start":{"line":22,"column":17},"end":{"line":22,"column":27}},{"start":{"line":22,"column":31},"end":{"line":22,"column":71}}]},"2":{"loc":{"start":{"line":23,"column":19},"end":{"line":23,"column":29}},"type":"binary-expr","locations":[{"start":{"line":23,"column":19},"end":{"line":23,"column":29}},{"start":{"line":23,"column":33},"end":{"line":23,"column":50}},{"start":{"line":23,"column":54},"end":{"line":23,"column":67}}]},"3":{"loc":{"start":{"line":25,"column":24},"end":{"line":25,"column":50}},"type":"cond-expr","locations":[{"start":{"line":25,"column":24},"end":{"line":25,"column":50}},{"start":{"line":25,"column":53},"end":{"line":25,"column":57}}]},"4":{"loc":{"start":{"line":39,"column":2},"end":{"line":41,"column":null}},"type":"if","locations":[{"start":{"line":39,"column":2},"end":{"line":41,"column":null}},{"start":{"line":39,"column":2},"end":{"line":41,"column":null}}]},"5":{"loc":{"start":{"line":44,"column":2},"end":{"line":52,"column":null}},"type":"if","locations":[{"start":{"line":44,"column":2},"end":{"line":52,"column":null}},{"start":{"line":44,"column":2},"end":{"line":52,"column":null}}]},"6":{"loc":{"start":{"line":48,"column":4},"end":{"line":50,"column":null}},"type":"if","locations":[{"start":{"line":48,"column":4},"end":{"line":50,"column":null}},{"start":{"line":48,"column":4},"end":{"line":50,"column":null}}]},"7":{"loc":{"start":{"line":55,"column":2},"end":{"line":63,"column":null}},"type":"if","locations":[{"start":{"line":55,"column":2},"end":{"line":63,"column":null}},{"start":{"line":55,"column":2},"end":{"line":63,"column":null}}]},"8":{"loc":{"start":{"line":59,"column":4},"end":{"line":61,"column":null}},"type":"if","locations":[{"start":{"line":59,"column":4},"end":{"line":61,"column":null}},{"start":{"line":59,"column":4},"end":{"line":61,"column":null}}]},"9":{"loc":{"start":{"line":66,"column":2},"end":{"line":70,"column":null}},"type":"if","locations":[{"start":{"line":66,"column":2},"end":{"line":70,"column":null}},{"start":{"line":66,"column":2},"end":{"line":70,"column":null}}]},"10":{"loc":{"start":{"line":67,"column":3},"end":{"line":69,"column":null}},"type":"if","locations":[{"start":{"line":67,"column":3},"end":{"line":69,"column":null}},{"start":{"line":67,"column":3},"end":{"line":69,"column":null}}]}},"s":{"0":8,"1":8,"2":8,"3":27,"4":27,"5":27,"6":27,"7":27,"8":27,"9":8,"10":24,"11":24,"12":0,"13":24,"14":0,"15":0,"16":0,"17":0,"18":24,"19":0,"20":0,"21":0,"22":0,"23":24,"24":24,"25":16,"26":8,"27":8},"f":{"0":8,"1":27,"2":24},"b":{"0":[27,27],"1":[27,27],"2":[27,27,27],"3":[0,27],"4":[0,24],"5":[0,24],"6":[0,0],"7":[0,24],"8":[0,0],"9":[24,0],"10":[16,8]}}
,"/home/david/Documents/Projects/happy-dom/src/tree-walker/NodeFilter.ts": {"path":"/home/david/Documents/Projects/happy-dom/src/tree-walker/NodeFilter.ts","statementMap":{"0":{"start":{"line":1,"column":0},"end":{"line":18,"column":2}}},"fnMap":{},"branchMap":{},"s":{"0":6},"f":{},"b":{}}
,"/home/david/Documents/Projects/happy-dom/src/tree-walker/TreeWalker.ts": {"path":"/home/david/Documents/Projects/happy-dom/src/tree-walker/TreeWalker.ts","statementMap":{"0":{"start":{"line":1,"column":0},"end":{"line":1,"column":50}},"1":{"start":{"line":2,"column":0},"end":{"line":2,"column":38}},"2":{"start":{"line":7,"column":0},"end":{"line":7,"column":null}},"3":{"start":{"line":20,"column":25},"end":{"line":20,"column":42}},"4":{"start":{"line":20,"column":42},"end":{"line":20,"column":null}},"5":{"start":{"line":8,"column":8},"end":{"line":8,"column":26}},"6":{"start":{"line":9,"column":8},"end":{"line":9,"column":24}},"7":{"start":{"line":10,"column":8},"end":{"line":10,"column":46}},"8":{"start":{"line":11,"column":8},"end":{"line":11,"column":33}},"9":{"start":{"line":21,"column":2},"end":{"line":23,"column":null}},"10":{"start":{"line":22,"column":3},"end":{"line":22,"column":56}},"11":{"start":{"line":25,"column":2},"end":{"line":25,"column":19}},"12":{"start":{"line":26,"column":2},"end":{"line":26,"column":31}},"13":{"start":{"line":27,"column":2},"end":{"line":27,"column":23}},"14":{"start":{"line":28,"column":2},"end":{"line":28,"column":26}},"15":{"start":{"line":36,"column":8},"end":{"line":42,"column":null}},"16":{"start":{"line":37,"column":2},"end":{"line":40,"column":null}},"17":{"start":{"line":38,"column":3},"end":{"line":38,"column":50}},"18":{"start":{"line":39,"column":3},"end":{"line":39,"column":27}},"19":{"start":{"line":41,"column":2},"end":{"line":41,"column":14}},"20":{"start":{"line":49,"column":8},"end":{"line":58,"column":null}},"21":{"start":{"line":50,"column":21},"end":{"line":50,"column":72}},"22":{"start":{"line":52,"column":2},"end":{"line":55,"column":null}},"23":{"start":{"line":53,"column":3},"end":{"line":53,"column":36}},"24":{"start":{"line":54,"column":3},"end":{"line":54,"column":83}},"25":{"start":{"line":57,"column":2},"end":{"line":57,"column":14}},"26":{"start":{"line":65,"column":8},"end":{"line":74,"column":null}},"27":{"start":{"line":66,"column":21},"end":{"line":66,"column":72}},"28":{"start":{"line":68,"column":2},"end":{"line":71,"column":null}},"29":{"start":{"line":69,"column":3},"end":{"line":69,"column":56}},"30":{"start":{"line":70,"column":3},"end":{"line":70,"column":82}},"31":{"start":{"line":73,"column":2},"end":{"line":73,"column":14}},"32":{"start":{"line":81,"column":8},"end":{"line":93,"column":null}},"33":{"start":{"line":82,"column":2},"end":{"line":90,"column":null}},"34":{"start":{"line":83,"column":20},"end":{"line":83,"column":58}},"35":{"start":{"line":84,"column":17},"end":{"line":84,"column":51}},"36":{"start":{"line":86,"column":3},"end":{"line":89,"column":null}},"37":{"start":{"line":87,"column":4},"end":{"line":87,"column":43}},"38":{"start":{"line":88,"column":4},"end":{"line":88,"column":89}},"39":{"start":{"line":92,"column":2},"end":{"line":92,"column":14}},"40":{"start":{"line":100,"column":8},"end":{"line":112,"column":null}},"41":{"start":{"line":101,"column":2},"end":{"line":109,"column":null}},"42":{"start":{"line":102,"column":20},"end":{"line":102,"column":58}},"43":{"start":{"line":103,"column":17},"end":{"line":103,"column":51}},"44":{"start":{"line":105,"column":3},"end":{"line":108,"column":null}},"45":{"start":{"line":106,"column":4},"end":{"line":106,"column":43}},"46":{"start":{"line":107,"column":4},"end":{"line":107,"column":85}},"47":{"start":{"line":111,"column":2},"end":{"line":111,"column":14}},"48":{"start":{"line":119,"column":8},"end":{"line":125,"column":null}},"49":{"start":{"line":120,"column":2},"end":{"line":123,"column":null}},"50":{"start":{"line":121,"column":3},"end":{"line":121,"column":54}},"51":{"start":{"line":122,"column":3},"end":{"line":122,"column":87}},"52":{"start":{"line":124,"column":2},"end":{"line":124,"column":26}},"53":{"start":{"line":132,"column":8},"end":{"line":136,"column":null}},"54":{"start":{"line":133,"column":2},"end":{"line":133,"column":57}},"55":{"start":{"line":134,"column":2},"end":{"line":134,"column":86}},"56":{"start":{"line":135,"column":2},"end":{"line":135,"column":26}},"57":{"start":{"line":144,"column":9},"end":{"line":146,"column":null}},"58":{"start":{"line":145,"column":2},"end":{"line":145,"column":105}},"59":{"start":{"line":154,"column":9},"end":{"line":156,"column":null}},"60":{"start":{"line":155,"column":2},"end":{"line":155,"column":94}},"61":{"start":{"line":157,"column":0},"end":{"line":157,"column":null}}},"fnMap":{"0":{"name":"(anonymous_1)","decl":{"start":{"line":7,"column":0},"end":{"line":7,"column":null}},"loc":{"start":{"line":7,"column":0},"end":{"line":157,"column":null}}},"1":{"name":"TreeWalker","decl":{"start":{"line":20,"column":1},"end":{"line":20,"column":13}},"loc":{"start":{"line":20,"column":79},"end":{"line":29,"column":2}}},"2":{"name":"(anonymous_3)","decl":{"start":{"line":36,"column":1},"end":{"line":36,"column":8}},"loc":{"start":{"line":36,"column":1},"end":{"line":42,"column":2}}},"3":{"name":"(anonymous_4)","decl":{"start":{"line":49,"column":1},"end":{"line":49,"column":8}},"loc":{"start":{"line":49,"column":1},"end":{"line":58,"column":2}}},"4":{"name":"(anonymous_5)","decl":{"start":{"line":65,"column":1},"end":{"line":65,"column":8}},"loc":{"start":{"line":65,"column":1},"end":{"line":74,"column":2}}},"5":{"name":"(anonymous_6)","decl":{"start":{"line":81,"column":1},"end":{"line":81,"column":8}},"loc":{"start":{"line":81,"column":1},"end":{"line":93,"column":2}}},"6":{"name":"(anonymous_7)","decl":{"start":{"line":100,"column":1},"end":{"line":100,"column":8}},"loc":{"start":{"line":100,"column":1},"end":{"line":112,"column":2}}},"7":{"name":"(anonymous_8)","decl":{"start":{"line":119,"column":1},"end":{"line":119,"column":8}},"loc":{"start":{"line":119,"column":1},"end":{"line":125,"column":2}}},"8":{"name":"(anonymous_9)","decl":{"start":{"line":132,"column":1},"end":{"line":132,"column":8}},"loc":{"start":{"line":132,"column":1},"end":{"line":136,"column":2}}},"9":{"name":"(anonymous_10)","decl":{"start":{"line":144,"column":1},"end":{"line":144,"column":9}},"loc":{"start":{"line":144,"column":30},"end":{"line":146,"column":2}}},"10":{"name":"(anonymous_11)","decl":{"start":{"line":154,"column":1},"end":{"line":154,"column":9}},"loc":{"start":{"line":154,"column":36},"end":{"line":156,"column":2}}}},"branchMap":{"0":{"loc":{"start":{"line":20,"column":25},"end":{"line":20,"column":42}},"type":"if","locations":[{"start":{"line":20,"column":25},"end":{"line":20,"column":42}},{"start":{"line":20,"column":25},"end":{"line":20,"column":42}}]},"1":{"loc":{"start":{"line":20,"column":42},"end":{"line":20,"column":null}},"type":"if","locations":[{"start":{"line":20,"column":42},"end":{"line":20,"column":null}},{"start":{"line":20,"column":42},"end":{"line":20,"column":null}}]},"2":{"loc":{"start":{"line":21,"column":2},"end":{"line":23,"column":null}},"type":"if","locations":[{"start":{"line":21,"column":2},"end":{"line":23,"column":null}},{"start":{"line":21,"column":2},"end":{"line":23,"column":null}}]},"3":{"loc":{"start":{"line":37,"column":2},"end":{"line":40,"column":null}},"type":"if","locations":[{"start":{"line":37,"column":2},"end":{"line":40,"column":null}},{"start":{"line":37,"column":2},"end":{"line":40,"column":null}}]},"4":{"loc":{"start":{"line":37,"column":6},"end":{"line":37,"column":36}},"type":"binary-expr","locations":[{"start":{"line":37,"column":6},"end":{"line":37,"column":36}},{"start":{"line":37,"column":40},"end":{"line":37,"column":56}},{"start":{"line":37,"column":60},"end":{"line":37,"column":87}}]},"5":{"loc":{"start":{"line":50,"column":40},"end":{"line":50,"column":67}},"type":"cond-expr","locations":[{"start":{"line":50,"column":40},"end":{"line":50,"column":67}},{"start":{"line":50,"column":70},"end":{"line":50,"column":72}}]},"6":{"loc":{"start":{"line":52,"column":2},"end":{"line":55,"column":null}},"type":"if","locations":[{"start":{"line":52,"column":2},"end":{"line":55,"column":null}},{"start":{"line":52,"column":2},"end":{"line":55,"column":null}}]},"7":{"loc":{"start":{"line":54,"column":46},"end":{"line":54,"column":62}},"type":"cond-expr","locations":[{"start":{"line":54,"column":46},"end":{"line":54,"column":62}},{"start":{"line":54,"column":65},"end":{"line":54,"column":82}}]},"8":{"loc":{"start":{"line":66,"column":40},"end":{"line":66,"column":67}},"type":"cond-expr","locations":[{"start":{"line":66,"column":40},"end":{"line":66,"column":67}},{"start":{"line":66,"column":70},"end":{"line":66,"column":72}}]},"9":{"loc":{"start":{"line":68,"column":2},"end":{"line":71,"column":null}},"type":"if","locations":[{"start":{"line":68,"column":2},"end":{"line":71,"column":null}},{"start":{"line":68,"column":2},"end":{"line":71,"column":null}}]},"10":{"loc":{"start":{"line":70,"column":46},"end":{"line":70,"column":62}},"type":"cond-expr","locations":[{"start":{"line":70,"column":46},"end":{"line":70,"column":62}},{"start":{"line":70,"column":65},"end":{"line":70,"column":81}}]},"11":{"loc":{"start":{"line":82,"column":2},"end":{"line":90,"column":null}},"type":"if","locations":[{"start":{"line":82,"column":2},"end":{"line":90,"column":null}},{"start":{"line":82,"column":2},"end":{"line":90,"column":null}}]},"12":{"loc":{"start":{"line":82,"column":6},"end":{"line":82,"column":36}},"type":"binary-expr","locations":[{"start":{"line":82,"column":6},"end":{"line":82,"column":36}},{"start":{"line":82,"column":40},"end":{"line":82,"column":56}}]},"13":{"loc":{"start":{"line":86,"column":3},"end":{"line":89,"column":null}},"type":"if","locations":[{"start":{"line":86,"column":3},"end":{"line":89,"column":null}},{"start":{"line":86,"column":3},"end":{"line":89,"column":null}}]},"14":{"loc":{"start":{"line":88,"column":47},"end":{"line":88,"column":63}},"type":"cond-expr","locations":[{"start":{"line":88,"column":47},"end":{"line":88,"column":63}},{"start":{"line":88,"column":66},"end":{"line":88,"column":88}}]},"15":{"loc":{"start":{"line":101,"column":2},"end":{"line":109,"column":null}},"type":"if","locations":[{"start":{"line":101,"column":2},"end":{"line":109,"column":null}},{"start":{"line":101,"column":2},"end":{"line":109,"column":null}}]},"16":{"loc":{"start":{"line":101,"column":6},"end":{"line":101,"column":36}},"type":"binary-expr","locations":[{"start":{"line":101,"column":6},"end":{"line":101,"column":36}},{"start":{"line":101,"column":40},"end":{"line":101,"column":56}}]},"17":{"loc":{"start":{"line":105,"column":3},"end":{"line":108,"column":null}},"type":"if","locations":[{"start":{"line":105,"column":3},"end":{"line":108,"column":null}},{"start":{"line":105,"column":3},"end":{"line":108,"column":null}}]},"18":{"loc":{"start":{"line":107,"column":47},"end":{"line":107,"column":63}},"type":"cond-expr","locations":[{"start":{"line":107,"column":47},"end":{"line":107,"column":63}},{"start":{"line":107,"column":66},"end":{"line":107,"column":84}}]},"19":{"loc":{"start":{"line":120,"column":2},"end":{"line":123,"column":null}},"type":"if","locations":[{"start":{"line":120,"column":2},"end":{"line":123,"column":null}},{"start":{"line":120,"column":2},"end":{"line":123,"column":null}}]},"20":{"loc":{"start":{"line":121,"column":10},"end":{"line":121,"column":29}},"type":"binary-expr","locations":[{"start":{"line":121,"column":10},"end":{"line":121,"column":29}},{"start":{"line":121,"column":33},"end":{"line":121,"column":50}}]},"21":{"loc":{"start":{"line":122,"column":55},"end":{"line":122,"column":59}},"type":"cond-expr","locations":[{"start":{"line":122,"column":55},"end":{"line":122,"column":59}},{"start":{"line":122,"column":62},"end":{"line":122,"column":86}}]},"22":{"loc":{"start":{"line":122,"column":62},"end":{"line":122,"column":78}},"type":"binary-expr","locations":[{"start":{"line":122,"column":62},"end":{"line":122,"column":78}},{"start":{"line":122,"column":82},"end":{"line":122,"column":86}}]},"23":{"loc":{"start":{"line":133,"column":9},"end":{"line":133,"column":32}},"type":"binary-expr","locations":[{"start":{"line":133,"column":9},"end":{"line":133,"column":32}},{"start":{"line":133,"column":36},"end":{"line":133,"column":53}}]},"24":{"loc":{"start":{"line":134,"column":54},"end":{"line":134,"column":58}},"type":"cond-expr","locations":[{"start":{"line":134,"column":54},"end":{"line":134,"column":58}},{"start":{"line":134,"column":61},"end":{"line":134,"column":85}}]},"25":{"loc":{"start":{"line":134,"column":61},"end":{"line":134,"column":77}},"type":"binary-expr","locations":[{"start":{"line":134,"column":61},"end":{"line":134,"column":77}},{"start":{"line":134,"column":81},"end":{"line":134,"column":85}}]},"26":{"loc":{"start":{"line":145,"column":9},"end":{"line":145,"column":36}},"type":"binary-expr","locations":[{"start":{"line":145,"column":9},"end":{"line":145,"column":36}},{"start":{"line":145,"column":41},"end":{"line":145,"column":53}},{"start":{"line":145,"column":57},"end":{"line":145,"column":103}}]},"27":{"loc":{"start":{"line":155,"column":9},"end":{"line":155,"column":48}},"type":"binary-expr","locations":[{"start":{"line":155,"column":9},"end":{"line":155,"column":48}},{"start":{"line":155,"column":52},"end":{"line":155,"column":93}}]}},"s":{"0":6,"1":6,"2":6,"3":0,"4":0,"5":0,"6":0,"7":0,"8":0,"9":0,"10":0,"11":0,"12":0,"13":0,"14":0,"15":6,"16":0,"17":0,"18":0,"19":0,"20":6,"21":0,"22":0,"23":0,"24":0,"25":0,"26":6,"27":0,"28":0,"29":0,"30":0,"31":0,"32":6,"33":0,"34":0,"35":0,"36":0,"37":0,"38":0,"39":0,"40":6,"41":0,"42":0,"43":0,"44":0,"45":0,"46":0,"47":0,"48":6,"49":0,"50":0,"51":0,"52":0,"53":6,"54":0,"55":0,"56":0,"57":6,"58":0,"59":6,"60":0,"61":6},"f":{"0":6,"1":0,"2":0,"3":0,"4":0,"5":0,"6":0,"7":0,"8":0,"9":0,"10":0},"b":{"0":[0,0],"1":[0,0],"2":[0,0],"3":[0,0],"4":[0,0,0],"5":[0,0],"6":[0,0],"7":[0,0],"8":[0,0],"9":[0,0],"10":[0,0],"11":[0,0],"12":[0,0],"13":[0,0],"14":[0,0],"15":[0,0],"16":[0,0],"17":[0,0],"18":[0,0],"19":[0,0],"20":[0,0],"21":[0,0],"22":[0,0],"23":[0,0],"24":[0,0],"25":[0,0],"26":[0,0,0],"27":[0,0]}}
,"/home/david/Documents/Projects/happy-dom/test/CustomElement.ts": {"path":"/home/david/Documents/Projects/happy-dom/test/CustomElement.ts","statementMap":{"0":{"start":{"line":1,"column":0},"end":{"line":1,"column":76}},"1":{"start":{"line":6,"column":0},"end":{"line":6,"column":null}},"2":{"start":{"line":6,"column":43},"end":{"line":6,"column":54}},"3":{"start":{"line":11,"column":2},"end":{"line":11,"column":null}},"4":{"start":{"line":12,"column":2},"end":{"line":12,"column":38}},"5":{"start":{"line":18,"column":8},"end":{"line":46,"column":null}},"6":{"start":{"line":19,"column":2},"end":{"line":45,"column":10}},"7":{"start":{"line":47,"column":0},"end":{"line":47,"column":null}}},"fnMap":{"0":{"name":"(anonymous_7)","decl":{"start":{"line":6,"column":0},"end":{"line":6,"column":43}},"loc":{"start":{"line":6,"column":0},"end":{"line":47,"column":null}}},"1":{"name":"CustomElement","decl":{"start":{"line":10,"column":1},"end":{"line":10,"column":null}},"loc":{"start":{"line":10,"column":1},"end":{"line":13,"column":2}}},"2":{"name":"(anonymous_9)","decl":{"start":{"line":18,"column":1},"end":{"line":18,"column":8}},"loc":{"start":{"line":18,"column":1},"end":{"line":46,"column":2}}}},"branchMap":{"0":{"loc":{"start":{"line":11,"column":2},"end":{"line":11,"column":9}},"type":"binary-expr","locations":[{"start":{"line":11,"column":2},"end":{"line":11,"column":9}},{"start":{"line":11,"column":9},"end":{"line":11,"column":null}}]}},"s":{"0":2,"1":2,"2":2,"3":8,"4":8,"5":2,"6":4,"7":2},"f":{"0":2,"1":8,"2":4},"b":{"0":[8,0]}}
,"/home/david/Documents/Projects/happy-dom/test/html-parser/data/HTMLPage.ts": {"path":"/home/david/Documents/Projects/happy-dom/test/html-parser/data/HTMLPage.ts","statementMap":{"0":{"start":{"line":1,"column":0},"end":{"line":20,"column":9}}},"fnMap":{},"branchMap":{},"s":{"0":1},"f":{},"b":{}}
}
