TN:
SF:/home/david/Documents/Projects/happy-dom/src/window/Window.ts
FN:27,(anonymous_7)
FN:63,Window
FN:89,(anonymous_9)
FN:98,(anonymous_10)
FN:103,(anonymous_11)
FNF:5
FNH:2
FNDA:6,(anonymous_7)
FNDA:25,Window
FNDA:0,(anonymous_9)
FNDA:0,(anonymous_10)
FNDA:0,(anonymous_11)
DA:1,6
DA:2,6
DA:3,6
DA:4,6
DA:5,6
DA:6,6
DA:7,6
DA:8,6
DA:9,6
DA:10,6
DA:11,6
DA:12,6
DA:13,6
DA:14,6
DA:15,6
DA:16,6
DA:17,6
DA:18,6
DA:19,6
DA:20,6
DA:21,6
DA:22,6
DA:27,6
DA:29,25
DA:30,25
DA:31,25
DA:32,25
DA:33,25
DA:34,25
DA:35,25
DA:36,25
DA:37,25
DA:38,25
DA:39,25
DA:40,25
DA:41,25
DA:42,25
DA:43,25
DA:44,25
DA:45,25
DA:46,25
DA:47,25
DA:48,25
DA:49,25
DA:53,25
DA:54,25
DA:55,25
DA:56,25
DA:57,25
DA:58,25
DA:64,25
DA:66,25
DA:68,25
DA:69,25
DA:70,25
DA:72,1300
DA:73,1300
DA:77,25
DA:78,25
DA:79,25
DA:89,6
DA:90,0
DA:98,6
DA:103,6
DA:104,6
LF:65
LH:64
BRDA:64,0,0,25
BRDA:64,0,1,25
BRDA:56,1,0,25
BRDA:56,1,1,0
BRDA:77,2,0,25
BRDA:77,2,1,0
BRF:6
BRH:4
end_of_record
TN:
SF:/home/david/Documents/Projects/happy-dom/src/custom-element/CustomElementRegistry.ts
FN:6,(anonymous_13)
FN:16,(anonymous_15)
FN:39,(anonymous_16)
FN:46,(anonymous_17)
FN:54,(anonymous_18)
FN:58,(anonymous_21)
FNF:6
FNH:5
FNDA:36,(anonymous_13)
FNDA:13,(anonymous_15)
FNDA:153,(anonymous_16)
FNDA:0,(anonymous_17)
FNDA:2,(anonymous_18)
FNDA:1,(anonymous_21)
DA:6,7
DA:7,29
DA:8,29
DA:16,7
DA:17,13
DA:18,1
DA:23,12
DA:25,12
DA:26,1
DA:27,1
DA:29,1
DA:39,7
DA:40,153
DA:46,7
DA:54,7
DA:55,2
DA:56,1
DA:58,1
DA:59,1
DA:60,1
DA:63,7
LF:21
LH:21
BRDA:17,0,0,1
BRDA:17,0,1,12
BRDA:25,1,0,1
BRDA:25,1,1,11
BRDA:55,2,0,1
BRDA:55,2,1,1
BRDA:59,3,0,1
BRDA:59,3,1,1
BRF:8
BRH:8
end_of_record
TN:
SF:/home/david/Documents/Projects/happy-dom/src/dom-implementation/DOMImplementation.ts
FN:7,(anonymous_1)
FN:15,DOMImplementation
FN:22,(anonymous_3)
FNF:3
FNH:3
FNDA:6,(anonymous_1)
FNDA:27,DOMImplementation
FNDA:1,(anonymous_3)
DA:1,6
DA:7,6
DA:16,27
DA:22,6
DA:23,1
DA:25,6
LF:6
LH:6
BRF:0
BRH:0
end_of_record
TN:
SF:/home/david/Documents/Projects/happy-dom/src/event/CustomEvent.ts
FN:4,(anonymous_7)
FN:13,CustomEvent
FNF:2
FNH:2
FNDA:7,(anonymous_7)
FNDA:1,CustomEvent
DA:1,7
DA:4,7
DA:5,1
DA:13,1
DA:14,1
DA:15,1
DA:16,1
DA:19,7
LF:8
LH:8
BRDA:13,0,0,0
BRDA:13,0,1,1
BRDA:14,1,0,1
BRDA:14,1,1,1
BRDA:15,2,0,1
BRDA:15,2,1,0
BRDA:15,3,0,1
BRDA:15,3,1,1
BRF:8
BRH:6
end_of_record
TN:
SF:/home/david/Documents/Projects/happy-dom/src/event/Event.ts
FN:4,(anonymous_0)
FN:21,Event
FN:33,(anonymous_2)
FN:40,(anonymous_3)
FN:47,(anonymous_4)
FN:54,(anonymous_5)
FNF:6
FNH:2
FNDA:8,(anonymous_0)
FNDA:3,Event
FNDA:0,(anonymous_2)
FNDA:0,(anonymous_3)
FNDA:0,(anonymous_4)
FNDA:0,(anonymous_5)
DA:4,8
DA:5,3
DA:6,3
DA:7,3
DA:8,3
DA:9,3
DA:10,3
DA:11,3
DA:12,3
DA:13,3
DA:21,5
DA:22,3
DA:23,3
DA:24,3
DA:25,3
DA:33,8
DA:34,0
DA:40,8
DA:41,0
DA:47,8
DA:48,0
DA:54,8
DA:55,0
DA:57,8
LF:24
LH:20
BRDA:21,0,0,2
BRDA:21,0,1,1
BRDA:23,1,0,0
BRDA:23,1,1,3
BRDA:23,2,0,3
BRDA:23,2,1,1
BRDA:24,3,0,0
BRDA:24,3,1,3
BRDA:24,4,0,3
BRDA:24,4,1,1
BRDA:25,5,0,0
BRDA:25,5,1,3
BRDA:25,6,0,3
BRDA:25,6,1,1
BRF:14
BRH:11
end_of_record
TN:
SF:/home/david/Documents/Projects/happy-dom/src/event/EventTarget.ts
FN:6,(anonymous_0)
FN:15,(anonymous_2)
FN:26,(anonymous_3)
FN:41,(anonymous_4)
FNF:4
FNH:4
FNDA:348,(anonymous_0)
FNDA:3,(anonymous_2)
FNDA:1,(anonymous_3)
FNDA:3,(anonymous_4)
DA:6,9
DA:7,339
DA:15,9
DA:16,3
DA:17,3
DA:26,9
DA:27,1
DA:28,1
DA:29,1
DA:30,1
DA:41,9
DA:42,3
DA:44,3
DA:45,3
DA:46,2
DA:47,2
DA:48,0
DA:50,2
DA:51,0
DA:56,3
DA:58,9
LF:21
LH:19
BRDA:16,0,0,3
BRDA:16,0,1,3
BRDA:27,1,0,1
BRDA:27,1,1,0
BRDA:29,2,0,1
BRDA:29,2,1,0
BRDA:44,3,0,3
BRDA:44,3,1,0
BRDA:47,4,0,0
BRDA:47,4,1,2
BRDA:47,5,0,2
BRDA:47,5,1,0
BRDA:50,6,0,0
BRDA:50,6,1,2
BRF:14
BRH:8
end_of_record
TN:
SF:/home/david/Documents/Projects/happy-dom/src/html-parser/HTMLParser.ts
FN:25,(anonymous_0)
FN:33,(anonymous_2)
FN:85,(anonymous_3)
FN:98,(anonymous_4)
FNF:4
FNH:4
FNDA:8,(anonymous_0)
FNDA:9,(anonymous_2)
FNDA:68,(anonymous_3)
FNDA:68,(anonymous_4)
DA:5,8
DA:25,8
DA:33,8
DA:34,9
DA:35,9
DA:36,9
DA:37,9
DA:38,9
DA:41,9
DA:42,66
DA:43,66
DA:45,66
DA:46,59
DA:47,59
DA:50,66
DA:51,33
DA:52,33
DA:54,33
DA:55,33
DA:56,33
DA:58,0
DA:61,33
DA:63,33
DA:64,33
DA:65,33
DA:70,9
DA:71,9
DA:72,9
DA:75,9
DA:85,8
DA:86,71
DA:87,71
DA:98,8
DA:99,68
DA:100,68
DA:101,68
DA:104,68
DA:105,4
DA:106,4
DA:107,4
DA:109,4
DA:110,4
DA:111,4
DA:114,68
DA:115,63
DA:116,63
DA:119,68
DA:121,8
LF:48
LH:47
BRDA:45,0,0,59
BRDA:45,0,1,7
BRDA:45,1,0,66
BRDA:45,1,1,66
BRDA:50,2,0,33
BRDA:50,2,1,33
BRDA:54,3,0,33
BRDA:54,3,1,0
BRDA:70,4,0,9
BRDA:70,4,1,0
BRDA:70,5,0,9
BRDA:70,5,1,9
BRDA:70,5,2,0
BRDA:70,5,3,0
BRDA:105,6,0,4
BRDA:105,6,1,0
BRDA:114,7,0,63
BRDA:114,7,1,5
BRF:18
BRH:13
end_of_record
TN:
SF:/home/david/Documents/Projects/happy-dom/src/html-renderer/HTMLRenderResult.ts
FN:4,(anonymous_0)
FNF:1
FNH:1
FNDA:101,(anonymous_0)
DA:4,8
DA:5,93
DA:6,93
DA:7,8
LF:4
LH:4
BRF:0
BRH:0
end_of_record
TN:
SF:/home/david/Documents/Projects/happy-dom/src/html-renderer/element/HTMLRenderer.ts
FN:13,(anonymous_1)
FN:20,(anonymous_3)
FN:43,(anonymous_4)
FN:64,(anonymous_5)
FNF:4
FNH:4
FNDA:37,(anonymous_1)
FNDA:23,(anonymous_3)
FNDA:24,(anonymous_4)
FNDA:23,(anonymous_5)
DA:1,8
DA:3,8
DA:5,8
DA:6,8
DA:13,8
DA:20,8
DA:21,23
DA:22,23
DA:23,23
DA:24,23
DA:26,23
DA:27,0
DA:28,23
DA:29,0
DA:31,23
DA:34,23
DA:43,8
DA:44,24
DA:45,24
DA:47,59
DA:48,59
DA:49,17
DA:51,42
DA:55,24
DA:64,8
DA:65,23
DA:66,23
DA:68,8
LF:28
LH:26
BRDA:26,0,0,0
BRDA:26,0,1,23
BRDA:28,1,0,0
BRDA:28,1,1,23
BRDA:45,2,0,24
BRDA:45,2,1,24
BRDA:48,3,0,17
BRDA:48,3,1,42
BRDA:66,4,0,7
BRDA:66,4,1,16
BRF:10
BRH:8
end_of_record
TN:
SF:/home/david/Documents/Projects/happy-dom/src/html-renderer/shadow-root/ShadowRootRenderer.ts
FN:18,(anonymous_1)
FN:27,ShadowRootRenderer
FN:38,(anonymous_3)
FN:74,(anonymous_4)
FN:99,(anonymous_5)
FNF:5
FNH:5
FNDA:1,(anonymous_1)
FNDA:11,ShadowRootRenderer
FNDA:23,(anonymous_3)
FNDA:23,(anonymous_4)
FNDA:23,(anonymous_5)
DA:1,1
DA:4,1
DA:6,1
DA:10,1
DA:11,1
DA:18,1
DA:27,19
DA:28,11
DA:29,11
DA:38,1
DA:39,23
DA:40,23
DA:41,23
DA:42,23
DA:44,23
DA:45,0
DA:46,23
DA:47,0
DA:49,23
DA:50,23
DA:52,23
DA:53,3
DA:54,3
DA:57,23
DA:58,23
DA:61,23
DA:62,14
DA:65,23
DA:74,1
DA:75,23
DA:76,23
DA:78,43
DA:79,43
DA:80,15
DA:82,28
DA:86,23
DA:87,14
DA:90,23
DA:99,1
DA:100,23
DA:101,23
DA:103,1
LF:42
LH:40
BRDA:27,0,0,8
BRDA:27,0,1,3
BRDA:44,1,0,0
BRDA:44,1,1,23
BRDA:46,2,0,0
BRDA:46,2,1,23
BRDA:52,3,0,3
BRDA:52,3,1,20
BRDA:52,4,0,23
BRDA:52,4,1,14
BRDA:52,4,2,14
BRDA:61,5,0,14
BRDA:61,5,1,9
BRDA:76,6,0,23
BRDA:76,6,1,23
BRDA:79,7,0,15
BRDA:79,7,1,28
BRDA:86,8,0,14
BRDA:86,8,1,9
BRDA:101,9,0,13
BRDA:101,9,1,10
BRF:21
BRH:19
end_of_record
TN:
SF:/home/david/Documents/Projects/happy-dom/src/html-renderer/shadow-root/ShadowRootScoper.ts
FN:10,(anonymous_1)
FN:19,ShadowRootScoper
FN:31,(anonymous_3)
FN:43,(anonymous_4)
FN:52,(anonymous_5)
FN:87,(anonymous_6)
FN:130,(anonymous_7)
FN:148,(anonymous_8)
FNF:8
FNH:8
FNDA:1,(anonymous_1)
FNDA:11,ShadowRootScoper
FNDA:3,(anonymous_3)
FNDA:28,(anonymous_4)
FNDA:3,(anonymous_5)
FNDA:3,(anonymous_6)
FNDA:1,(anonymous_7)
FNDA:7,(anonymous_8)
DA:1,1
DA:2,1
DA:3,1
DA:4,1
DA:10,1
DA:12,11
DA:20,11
DA:31,1
DA:32,3
DA:33,3
DA:34,3
DA:35,3
DA:43,1
DA:44,28
DA:52,1
DA:53,3
DA:54,3
DA:56,3
DA:57,0
DA:58,0
DA:59,0
DA:60,0
DA:63,6
DA:64,0
DA:65,0
DA:66,0
DA:67,0
DA:69,0
DA:73,3
DA:75,0
DA:76,0
DA:77,0
DA:87,1
DA:88,3
DA:89,3
DA:91,3
DA:92,1
DA:94,1
DA:95,1
DA:97,1
DA:98,1
DA:99,1
DA:102,1
DA:104,1
DA:105,2
DA:106,0
DA:107,0
DA:108,2
DA:109,1
DA:111,2
DA:112,1
DA:113,1
DA:115,1
DA:116,1
DA:117,1
DA:119,1
DA:130,1
DA:131,1
DA:132,1
DA:134,2
DA:135,1
DA:136,1
DA:139,1
DA:148,1
DA:149,7
DA:150,5
DA:153,7
DA:154,7
DA:155,5
DA:156,5
DA:160,1
LF:71
LH:57
BRDA:58,0,0,0
BRDA:58,0,1,0
BRDA:59,1,0,0
BRDA:59,1,1,0
BRDA:64,2,0,0
BRDA:64,2,1,0
BRDA:65,3,0,0
BRDA:65,3,1,0
BRDA:73,4,0,0
BRDA:73,4,1,3
BRDA:91,5,0,1
BRDA:91,5,1,2
BRDA:91,6,0,3
BRDA:91,6,1,1
BRDA:97,7,0,1
BRDA:97,7,1,0
BRDA:105,8,0,0
BRDA:105,8,1,2
BRDA:108,9,0,1
BRDA:108,9,1,1
BRDA:149,10,0,5
BRDA:149,10,1,2
BRDA:153,11,0,7
BRDA:153,11,1,0
BRDA:153,12,0,7
BRDA:153,12,1,5
BRDA:153,12,2,5
BRF:27
BRH:15
end_of_record
TN:
SF:/home/david/Documents/Projects/happy-dom/src/html-renderer/shadow-root/css/ScopedCSSCache.ts
FN:6,(anonymous_0)
FN:15,(anonymous_2)
FN:25,(anonymous_3)
FN:39,(anonymous_4)
FN:55,(anonymous_5)
FN:69,(anonymous_6)
FN:80,(anonymous_7)
FN:91,(anonymous_8)
FNF:8
FNH:6
FNDA:12,(anonymous_0)
FNDA:28,(anonymous_2)
FNDA:1,(anonymous_3)
FNDA:2,(anonymous_4)
FNDA:0,(anonymous_5)
FNDA:2,(anonymous_6)
FNDA:0,(anonymous_7)
FNDA:2,(anonymous_8)
DA:1,1
DA:6,1
DA:7,11
DA:8,11
DA:15,1
DA:16,28
DA:25,1
DA:26,1
DA:27,1
DA:28,0
DA:30,1
DA:39,1
DA:40,2
DA:41,2
DA:42,0
DA:43,0
DA:45,2
DA:46,2
DA:55,1
DA:56,0
DA:57,0
DA:58,0
DA:59,0
DA:69,1
DA:70,2
DA:71,2
DA:72,0
DA:74,2
DA:80,1
DA:81,0
DA:82,0
DA:91,1
DA:92,2
DA:94,1
LF:34
LH:24
BRDA:27,0,0,0
BRDA:27,0,1,1
BRDA:41,1,0,0
BRDA:41,1,1,2
BRDA:57,2,0,0
BRDA:57,2,1,0
BRDA:71,3,0,0
BRDA:71,3,1,2
BRDA:92,4,0,2
BRDA:92,4,1,0
BRF:10
BRH:4
end_of_record
TN:
SF:/home/david/Documents/Projects/happy-dom/src/html-renderer/shadow-root/css/StyleScoper.ts
FN:6,(anonymous_1)
FN:15,(anonymous_3)
FN:19,(anonymous_4)
FNF:3
FNH:3
FNDA:1,(anonymous_1)
FNDA:2,(anonymous_3)
FNDA:126,(anonymous_4)
DA:1,1
DA:6,1
DA:15,1
DA:16,2
DA:17,2
DA:19,2
DA:20,126
DA:21,114
DA:22,2
DA:27,2
DA:28,2
DA:30,2
DA:31,2
DA:33,2
DA:34,0
DA:35,0
DA:39,0
DA:55,0
DA:59,0
DA:60,0
DA:63,112
DA:64,0
DA:65,0
DA:66,112
DA:67,4
DA:71,4
DA:73,4
DA:74,108
DA:75,12
DA:80,12
DA:81,6
DA:83,6
DA:86,12
DA:91,2
DA:93,1
LF:35
LH:27
BRDA:20,0,0,114
BRDA:20,0,1,12
BRDA:21,1,0,2
BRDA:21,1,1,112
BRDA:21,2,0,114
BRDA:21,2,1,2
BRDA:33,3,0,0
BRDA:33,3,1,2
BRDA:33,4,0,2
BRDA:33,4,1,0
BRDA:34,5,0,0
BRDA:34,5,1,0
BRDA:63,6,0,0
BRDA:63,6,1,112
BRDA:63,7,0,112
BRDA:63,7,1,4
BRDA:66,8,0,4
BRDA:66,8,1,108
BRDA:74,9,0,12
BRDA:74,9,1,96
BRDA:74,10,0,108
BRDA:74,10,1,100
BRDA:80,11,0,6
BRDA:80,11,1,6
BRF:24
BRH:19
end_of_record
TN:
SF:/home/david/Documents/Projects/happy-dom/src/location/Location.ts
FN:3,(anonymous_7)
FN:7,Location
FN:16,(anonymous_9)
FN:27,(anonymous_10)
FN:36,(anonymous_11)
FNF:5
FNH:4
FNDA:7,(anonymous_7)
FNDA:28,Location
FNDA:3,(anonymous_9)
FNDA:0,(anonymous_10)
FNDA:1,(anonymous_11)
DA:1,7
DA:3,7
DA:8,28
DA:16,7
DA:17,3
DA:27,7
DA:28,0
DA:36,7
DA:39,7
LF:9
LH:8
BRDA:8,0,0,28
BRDA:8,0,1,28
BRF:2
BRH:2
end_of_record
TN:
SF:/home/david/Documents/Projects/happy-dom/src/location/URL.ts
FN:3,(anonymous_0)
FN:18,URL
FN:27,(anonymous_2)
FN:36,(anonymous_3)
FN:60,(anonymous_4)
FN:70,(anonymous_5)
FN:79,(anonymous_6)
FN:88,(anonymous_7)
FNF:8
FNH:6
FNDA:8,(anonymous_0)
FNDA:31,URL
FNDA:0,(anonymous_2)
FNDA:6,(anonymous_3)
FNDA:6,(anonymous_4)
FNDA:0,(anonymous_5)
FNDA:3,(anonymous_6)
FNDA:12,(anonymous_7)
DA:1,8
DA:3,8
DA:4,31
DA:5,31
DA:6,31
DA:7,31
DA:8,31
DA:9,31
DA:10,31
DA:11,31
DA:19,31
DA:20,3
DA:27,8
DA:28,0
DA:36,8
DA:37,6
DA:38,6
DA:39,0
DA:42,6
DA:43,6
DA:45,6
DA:46,6
DA:47,6
DA:48,6
DA:49,6
DA:50,6
DA:51,6
DA:52,6
DA:60,8
DA:61,6
DA:62,6
DA:71,0
DA:79,8
DA:80,3
DA:88,8
DA:89,12
DA:91,8
LF:37
LH:34
BRDA:19,0,0,3
BRDA:19,0,1,28
BRDA:38,1,0,0
BRDA:38,1,1,6
BRDA:42,2,0,6
BRDA:42,2,1,0
BRDA:43,3,0,1
BRDA:43,3,1,5
BRDA:45,4,0,6
BRDA:45,4,1,0
BRDA:46,5,0,1
BRDA:46,5,1,5
BRDA:47,6,0,6
BRDA:47,6,1,5
BRDA:48,7,0,6
BRDA:48,7,1,0
BRDA:49,8,0,6
BRDA:49,8,1,2
BRDA:50,9,0,6
BRDA:50,9,1,2
BRDA:51,10,0,1
BRDA:51,10,1,5
BRDA:52,11,0,1
BRDA:52,11,1,5
BRDA:61,12,0,1
BRDA:61,12,1,5
BRF:26
BRH:22
end_of_record
TN:
SF:/home/david/Documents/Projects/happy-dom/src/mutation-observer/MutationListener.ts
FN:7,(anonymous_0)
FNF:1
FNH:1
FNDA:11,(anonymous_0)
DA:7,6
DA:8,5
DA:9,5
DA:10,6
LF:4
LH:4
BRF:0
BRH:0
end_of_record
TN:
SF:/home/david/Documents/Projects/happy-dom/src/mutation-observer/MutationObserver.ts
FN:11,(anonymous_1)
FN:21,MutationObserver
FN:31,(anonymous_3)
FN:37,(anonymous_4)
FN:51,(anonymous_5)
FN:58,(anonymous_6)
FNF:6
FNH:4
FNDA:6,(anonymous_1)
FNDA:5,MutationObserver
FNDA:5,(anonymous_3)
FNDA:1,(anonymous_4)
FNDA:0,(anonymous_5)
FNDA:0,(anonymous_6)
DA:3,6
DA:11,6
DA:13,5
DA:14,5
DA:22,5
DA:31,6
DA:32,5
DA:33,0
DA:36,5
DA:37,1
DA:40,5
DA:41,5
DA:42,5
DA:43,5
DA:45,5
DA:51,6
DA:52,0
DA:58,6
DA:59,0
DA:61,6
LF:20
LH:17
BRDA:32,0,0,0
BRDA:32,0,1,5
BRDA:37,1,0,1
BRDA:37,1,1,4
BRF:4
BRH:3
end_of_record
TN:
SF:/home/david/Documents/Projects/happy-dom/src/mutation-observer/MutationRecord.ts
FN:8,(anonymous_0)
FNF:1
FNH:1
FNDA:13,(anonymous_0)
DA:8,8
DA:9,5
DA:10,5
DA:11,5
DA:12,5
DA:13,5
DA:14,5
DA:15,5
DA:16,5
DA:17,5
DA:18,8
LF:11
LH:11
BRF:0
BRH:0
end_of_record
TN:
SF:/home/david/Documents/Projects/happy-dom/src/mutation-observer/MutationType.ts
FN:1,(anonymous_0)
FNF:1
FNH:1
FNDA:8,(anonymous_0)
DA:1,8
DA:2,8
DA:3,8
DA:4,8
DA:7,8
LF:5
LH:5
BRDA:1,0,0,8
BRDA:1,0,1,8
BRF:2
BRH:2
end_of_record
TN:
SF:/home/david/Documents/Projects/happy-dom/src/nodes/basic/comment-node/CommentNode.ts
FN:9,(anonymous_7)
FN:18,(anonymous_9)
FN:27,(anonymous_10)
FN:36,(anonymous_11)
FN:45,(anonymous_12)
FN:67,(anonymous_13)
FN:76,(anonymous_14)
FN:85,(anonymous_15)
FN:94,(anonymous_16)
FNF:9
FNH:3
FNDA:16,(anonymous_7)
FNDA:10,(anonymous_9)
FNDA:0,(anonymous_10)
FNDA:0,(anonymous_11)
FNDA:12,(anonymous_12)
FNDA:0,(anonymous_13)
FNDA:0,(anonymous_14)
FNDA:0,(anonymous_15)
FNDA:0,(anonymous_16)
DA:1,6
DA:2,6
DA:3,6
DA:4,6
DA:9,10
DA:10,10
DA:18,6
DA:19,10
DA:27,6
DA:28,0
DA:36,6
DA:37,0
DA:46,12
DA:47,12
DA:50,12
DA:51,0
DA:52,0
DA:53,0
DA:54,0
DA:55,0
DA:56,0
DA:67,6
DA:68,0
DA:77,0
DA:85,6
DA:86,0
DA:95,0
DA:97,6
LF:28
LH:16
BRDA:9,0,0,10
BRDA:9,0,1,10
BRDA:9,0,2,0
BRDA:50,1,0,0
BRDA:50,1,1,12
BRDA:52,2,0,0
BRDA:52,2,1,0
BRDA:55,3,0,0
BRDA:55,3,1,0
BRF:9
BRH:3
end_of_record
TN:
SF:/home/david/Documents/Projects/happy-dom/src/nodes/basic/document/Document.ts
FN:22,(anonymous_7)
FN:37,Document
FN:56,(anonymous_9)
FN:65,(anonymous_10)
FN:81,(anonymous_11)
FN:86,(anonymous_12)
FN:94,(anonymous_13)
FN:113,(anonymous_14)
FN:126,(anonymous_15)
FN:138,(anonymous_16)
FN:151,(anonymous_17)
FN:162,(anonymous_18)
FN:172,(anonymous_19)
FN:185,(anonymous_20)
FNF:14
FNH:7
FNDA:6,(anonymous_7)
FNDA:26,Document
FNDA:0,(anonymous_9)
FNDA:2,(anonymous_10)
FNDA:0,(anonymous_11)
FNDA:0,(anonymous_12)
FNDA:150,(anonymous_13)
FNDA:80,(anonymous_14)
FNDA:10,(anonymous_15)
FNDA:0,(anonymous_16)
FNDA:0,(anonymous_17)
FNDA:0,(anonymous_18)
FNDA:0,(anonymous_19)
FNDA:145,(anonymous_20)
DA:2,6
DA:3,6
DA:4,6
DA:5,6
DA:6,6
DA:7,6
DA:8,6
DA:9,6
DA:11,6
DA:12,6
DA:13,6
DA:14,6
DA:15,6
DA:16,6
DA:17,6
DA:22,6
DA:27,26
DA:28,26
DA:29,26
DA:38,26
DA:40,26
DA:41,26
DA:42,26
DA:43,26
DA:44,26
DA:45,26
DA:46,26
DA:47,26
DA:48,26
DA:56,6
DA:57,0
DA:65,6
DA:66,2
DA:67,2
DA:68,2
DA:70,2
DA:71,2
DA:73,2
DA:74,2
DA:75,2
DA:81,6
DA:86,6
DA:94,6
DA:95,150
DA:96,150
DA:98,150
DA:100,150
DA:101,150
DA:102,150
DA:104,150
DA:113,6
DA:114,80
DA:115,80
DA:116,80
DA:117,80
DA:126,6
DA:127,10
DA:128,10
DA:129,10
DA:130,10
DA:138,6
DA:139,0
DA:140,0
DA:141,0
DA:151,6
DA:152,0
DA:162,6
DA:163,0
DA:172,6
DA:173,0
DA:174,0
DA:176,0
DA:185,6
DA:186,145
DA:188,0
DA:190,0
DA:192,0
DA:194,0
DA:196,0
DA:198,145
DA:200,6
LF:81
LH:67
BRDA:38,0,0,26
BRDA:38,0,1,0
BRDA:96,1,0,5
BRDA:96,1,1,145
BRDA:151,2,0,0
BRDA:151,2,1,0
BRDA:151,3,0,0
BRDA:151,3,1,0
BRDA:173,4,0,0
BRDA:173,4,1,0
BRDA:187,5,0,0
BRDA:187,5,1,0
BRDA:187,5,2,0
BRDA:187,5,3,0
BRDA:187,5,4,0
BRF:15
BRH:3
end_of_record
TN:
SF:/home/david/Documents/Projects/happy-dom/src/nodes/basic/document-fragment/DocumentFragment.ts
FN:9,(anonymous_7)
FN:18,(anonymous_9)
FN:19,(anonymous_10)
FN:28,(anonymous_11)
FN:38,(anonymous_12)
FN:48,(anonymous_13)
FN:58,(anonymous_14)
FN:68,(anonymous_15)
FNF:8
FNH:5
FNDA:45,(anonymous_7)
FNDA:5,(anonymous_9)
FNDA:23,(anonymous_10)
FNDA:5,(anonymous_11)
FNDA:2,(anonymous_12)
FNDA:0,(anonymous_13)
FNDA:0,(anonymous_14)
FNDA:0,(anonymous_15)
DA:1,8
DA:2,8
DA:3,8
DA:4,8
DA:9,37
DA:10,37
DA:11,37
DA:18,8
DA:19,23
DA:28,8
DA:29,5
DA:38,8
DA:39,2
DA:48,8
DA:49,0
DA:58,8
DA:59,0
DA:68,8
DA:69,0
DA:71,8
LF:20
LH:17
BRDA:9,0,0,37
BRDA:9,0,1,37
BRDA:9,0,2,0
BRF:3
BRH:2
end_of_record
TN:
SF:/home/david/Documents/Projects/happy-dom/src/nodes/basic/element/Attribute.ts
FN:1,(anonymous_0)
FNF:1
FNH:1
FNDA:11,(anonymous_0)
DA:1,8
DA:4,8
LF:2
LH:2
BRF:0
BRH:0
end_of_record
TN:
SF:/home/david/Documents/Projects/happy-dom/src/nodes/basic/element/ClassList.ts
FN:6,(anonymous_0)
FN:14,ClassList
FN:23,(anonymous_2)
FN:39,(anonymous_3)
FN:57,(anonymous_4)
FNF:5
FNH:3
FNDA:8,(anonymous_0)
FNDA:175,ClassList
FNDA:7,(anonymous_2)
FNDA:0,(anonymous_3)
FNDA:0,(anonymous_4)
DA:6,8
DA:15,175
DA:23,21
DA:24,7
DA:25,7
DA:26,14
DA:27,7
DA:28,7
DA:31,7
DA:39,8
DA:40,0
DA:41,0
DA:42,0
DA:43,0
DA:44,0
DA:45,0
DA:48,0
DA:57,8
DA:58,0
DA:59,0
DA:60,0
DA:62,8
LF:22
LH:12
BRDA:25,0,0,0
BRDA:25,0,1,7
BRDA:27,1,0,7
BRDA:27,1,1,0
BRDA:41,2,0,0
BRDA:41,2,1,0
BRDA:44,3,0,0
BRDA:44,3,1,0
BRDA:59,4,0,0
BRDA:59,4,1,0
BRF:10
BRH:2
end_of_record
TN:
SF:/home/david/Documents/Projects/happy-dom/src/nodes/basic/element/DOMRect.ts
FN:6,(anonymous_0)
FNF:1
FNH:1
FNDA:8,(anonymous_0)
DA:6,8
DA:7,0
DA:8,0
DA:9,0
DA:10,0
DA:11,0
DA:12,0
DA:13,0
DA:14,0
DA:15,8
LF:10
LH:2
BRF:0
BRH:0
end_of_record
TN:
SF:/home/david/Documents/Projects/happy-dom/src/nodes/basic/element/Element.ts
FN:21,(anonymous_7)
FN:36,(anonymous_9)
FN:46,(anonymous_10)
FN:55,(anonymous_11)
FN:65,(anonymous_12)
FN:74,(anonymous_13)
FN:75,(anonymous_14)
FN:83,(anonymous_15)
FN:92,(anonymous_16)
FN:107,(anonymous_17)
FN:119,(anonymous_18)
FN:131,(anonymous_19)
FN:146,(anonymous_20)
FN:158,(anonymous_21)
FN:177,(anonymous_22)
FN:186,(anonymous_23)
FN:205,(anonymous_24)
FN:215,(anonymous_25)
FN:246,(anonymous_26)
FN:257,(anonymous_27)
FN:267,(anonymous_28)
FN:294,(anonymous_29)
FN:324,(anonymous_30)
FN:342,(anonymous_31)
FN:357,(anonymous_32)
FN:364,(anonymous_33)
FN:373,(anonymous_34)
FN:382,(anonymous_35)
FN:392,(anonymous_36)
FN:402,(anonymous_37)
FN:412,(anonymous_38)
FN:422,(anonymous_39)
FNF:32
FNH:17
FNDA:171,(anonymous_7)
FNDA:1,(anonymous_9)
FNDA:0,(anonymous_10)
FNDA:1,(anonymous_11)
FNDA:0,(anonymous_12)
FNDA:10,(anonymous_13)
FNDA:15,(anonymous_14)
FNDA:0,(anonymous_15)
FNDA:3,(anonymous_16)
FNDA:1,(anonymous_17)
FNDA:24,(anonymous_18)
FNDA:0,(anonymous_19)
FNDA:18,(anonymous_20)
FNDA:1,(anonymous_21)
FNDA:0,(anonymous_22)
FNDA:0,(anonymous_23)
FNDA:0,(anonymous_24)
FNDA:50,(anonymous_25)
FNDA:9,(anonymous_26)
FNDA:10,(anonymous_27)
FNDA:0,(anonymous_28)
FNDA:33,(anonymous_29)
FNDA:46,(anonymous_30)
FNDA:8,(anonymous_31)
FNDA:0,(anonymous_32)
FNDA:0,(anonymous_33)
FNDA:0,(anonymous_34)
FNDA:0,(anonymous_35)
FNDA:0,(anonymous_36)
FNDA:4,(anonymous_37)
FNDA:0,(anonymous_38)
FNDA:0,(anonymous_39)
DA:1,8
DA:2,8
DA:3,8
DA:4,8
DA:5,8
DA:6,8
DA:7,8
DA:8,8
DA:9,8
DA:10,8
DA:11,8
DA:12,8
DA:13,8
DA:14,8
DA:16,8
DA:21,163
DA:22,163
DA:23,163
DA:24,163
DA:25,163
DA:26,163
DA:27,163
DA:28,163
DA:29,163
DA:36,8
DA:37,1
DA:47,0
DA:55,8
DA:56,1
DA:66,0
DA:74,8
DA:75,15
DA:83,8
DA:84,0
DA:92,8
DA:93,3
DA:94,3
DA:95,3
DA:96,3
DA:99,3
DA:108,1
DA:109,1
DA:111,1
DA:119,8
DA:120,24
DA:121,6
DA:123,24
DA:132,0
DA:133,0
DA:134,0
DA:136,0
DA:137,0
DA:146,8
DA:147,18
DA:148,18
DA:150,18
DA:158,8
DA:159,1
DA:160,1
DA:161,1
DA:162,3
DA:163,3
DA:164,3
DA:165,3
DA:166,3
DA:167,3
DA:169,1
DA:177,8
DA:178,0
DA:186,8
DA:187,0
DA:205,8
DA:206,0
DA:215,8
DA:216,50
DA:217,50
DA:218,50
DA:220,50
DA:221,0
DA:225,50
DA:226,4
DA:227,4
DA:231,3
DA:232,3
DA:233,3
DA:234,3
DA:235,3
DA:246,8
DA:247,9
DA:248,9
DA:257,8
DA:258,10
DA:259,10
DA:267,8
DA:268,0
DA:269,0
DA:270,0
DA:273,0
DA:274,0
DA:275,0
DA:279,0
DA:280,0
DA:281,0
DA:282,0
DA:283,0
DA:294,8
DA:295,33
DA:296,33
DA:297,3
DA:298,3
DA:301,3
DA:302,6
DA:303,6
DA:304,6
DA:309,3
DA:313,3
DA:314,3
DA:315,1
DA:324,8
DA:325,46
DA:326,46
DA:327,46
DA:328,35
DA:329,11
DA:330,11
DA:333,46
DA:342,8
DA:343,8
DA:344,0
DA:346,8
DA:347,8
DA:348,8
DA:349,8
DA:357,8
DA:364,8
DA:365,0
DA:373,8
DA:374,0
DA:382,8
DA:383,0
DA:392,8
DA:393,0
DA:402,8
DA:403,4
DA:412,8
DA:413,0
DA:422,8
DA:423,0
DA:425,8
LF:149
LH:119
BRDA:21,0,0,163
BRDA:21,0,1,163
BRDA:21,0,2,0
BRDA:95,1,0,3
BRDA:95,1,1,0
BRDA:95,2,0,3
BRDA:95,2,1,3
BRDA:120,3,0,6
BRDA:120,3,1,18
BRDA:147,4,0,18
BRDA:147,4,1,0
BRDA:178,5,0,0
BRDA:178,5,1,0
BRDA:187,6,0,0
BRDA:187,6,1,0
BRDA:217,7,0,3
BRDA:217,7,1,47
BRDA:220,8,0,0
BRDA:220,8,1,50
BRDA:225,9,0,4
BRDA:225,9,1,46
BRDA:227,10,0,3
BRDA:227,10,1,1
BRDA:228,11,0,4
BRDA:228,11,1,4
BRDA:228,11,2,2
BRDA:234,12,0,2
BRDA:234,12,1,1
BRDA:248,13,0,2
BRDA:248,13,1,7
BRDA:269,14,0,0
BRDA:269,14,1,0
BRDA:273,15,0,0
BRDA:273,15,1,0
BRDA:275,16,0,0
BRDA:275,16,1,0
BRDA:276,17,0,0
BRDA:276,17,1,0
BRDA:276,17,2,0
BRDA:282,18,0,0
BRDA:282,18,1,0
BRDA:296,19,0,3
BRDA:296,19,1,30
BRDA:303,20,0,6
BRDA:303,20,1,0
BRDA:304,21,0,6
BRDA:304,21,1,0
BRDA:304,21,2,0
BRDA:304,21,3,0
BRDA:314,22,0,1
BRDA:314,22,1,2
BRDA:327,23,0,35
BRDA:327,23,1,11
BRDA:329,24,0,11
BRDA:329,24,1,0
BRDA:343,25,0,0
BRDA:343,25,1,8
BRF:57
BRH:32
end_of_record
TN:
SF:/home/david/Documents/Projects/happy-dom/src/nodes/basic/element/Range.ts
FN:10,(anonymous_1)
FN:22,(anonymous_3)
FN:31,(anonymous_4)
FN:40,(anonymous_5)
FN:49,(anonymous_6)
FN:58,(anonymous_7)
FN:67,(anonymous_8)
FN:77,(anonymous_9)
FN:88,(anonymous_10)
FN:96,(anonymous_11)
FN:101,(anonymous_12)
FN:106,(anonymous_13)
FN:111,(anonymous_14)
FN:116,(anonymous_15)
FN:121,(anonymous_16)
FN:126,(anonymous_17)
FN:133,(anonymous_18)
FN:138,(anonymous_19)
FN:145,(anonymous_20)
FN:150,(anonymous_21)
FN:157,(anonymous_22)
FN:166,(anonymous_23)
FN:173,(anonymous_24)
FN:180,(anonymous_25)
FN:189,(anonymous_26)
FN:198,(anonymous_27)
FN:207,(anonymous_28)
FN:216,(anonymous_29)
FN:225,(anonymous_30)
FN:234,(anonymous_31)
FNF:30
FNH:1
FNDA:8,(anonymous_1)
FNDA:0,(anonymous_3)
FNDA:0,(anonymous_4)
FNDA:0,(anonymous_5)
FNDA:0,(anonymous_6)
FNDA:0,(anonymous_7)
FNDA:0,(anonymous_8)
FNDA:0,(anonymous_9)
FNDA:0,(anonymous_10)
FNDA:0,(anonymous_11)
FNDA:0,(anonymous_12)
FNDA:0,(anonymous_13)
FNDA:0,(anonymous_14)
FNDA:0,(anonymous_15)
FNDA:0,(anonymous_16)
FNDA:0,(anonymous_17)
FNDA:0,(anonymous_18)
FNDA:0,(anonymous_19)
FNDA:0,(anonymous_20)
FNDA:0,(anonymous_21)
FNDA:0,(anonymous_22)
FNDA:0,(anonymous_23)
FNDA:0,(anonymous_24)
FNDA:0,(anonymous_25)
FNDA:0,(anonymous_26)
FNDA:0,(anonymous_27)
FNDA:0,(anonymous_28)
FNDA:0,(anonymous_29)
FNDA:0,(anonymous_30)
FNDA:0,(anonymous_31)
DA:2,8
DA:3,8
DA:10,8
DA:11,0
DA:12,0
DA:13,0
DA:14,0
DA:15,0
DA:22,8
DA:23,0
DA:31,8
DA:32,0
DA:40,8
DA:41,0
DA:49,8
DA:50,0
DA:58,8
DA:59,0
DA:67,8
DA:68,0
DA:77,8
DA:78,0
DA:79,0
DA:88,8
DA:89,0
DA:90,0
DA:96,8
DA:101,8
DA:106,8
DA:111,8
DA:116,8
DA:121,8
DA:126,8
DA:127,0
DA:133,8
DA:138,8
DA:139,0
DA:145,8
DA:150,8
DA:157,8
DA:158,0
DA:166,8
DA:167,0
DA:173,8
DA:180,8
DA:181,0
DA:189,8
DA:190,0
DA:198,8
DA:199,0
DA:207,8
DA:208,0
DA:216,8
DA:217,0
DA:225,8
DA:226,0
DA:234,8
DA:235,0
DA:237,8
LF:59
LH:33
BRF:0
BRH:0
end_of_record
TN:
SF:/home/david/Documents/Projects/happy-dom/src/nodes/basic/html-element/HTMLElement.ts
FN:7,(anonymous_7)
FN:21,(anonymous_9)
FN:30,(anonymous_10)
FN:37,(anonymous_11)
FN:44,(anonymous_12)
FN:51,(anonymous_13)
FN:62,(anonymous_14)
FN:79,(anonymous_15)
FN:89,(anonymous_16)
FNF:9
FNH:4
FNDA:169,(anonymous_7)
FNDA:0,(anonymous_9)
FNDA:0,(anonymous_10)
FNDA:0,(anonymous_11)
FNDA:0,(anonymous_12)
FNDA:0,(anonymous_13)
FNDA:49,(anonymous_14)
FNDA:33,(anonymous_15)
FNDA:3,(anonymous_16)
DA:1,7
DA:2,7
DA:7,162
DA:8,7
DA:9,162
DA:10,162
DA:11,162
DA:12,162
DA:13,162
DA:14,162
DA:21,7
DA:22,0
DA:31,0
DA:37,7
DA:38,0
DA:44,7
DA:45,0
DA:51,7
DA:52,0
DA:62,7
DA:63,49
DA:64,49
DA:65,49
DA:66,49
DA:67,49
DA:68,0
DA:69,0
DA:79,7
DA:80,33
DA:81,33
DA:82,3
DA:89,7
DA:90,3
DA:92,3
DA:93,3
DA:95,3
DA:96,0
DA:97,0
DA:99,0
DA:101,0
DA:103,0
DA:108,7
LF:42
LH:30
BRDA:7,0,0,162
BRDA:7,0,1,162
BRDA:7,0,2,0
BRDA:67,1,0,0
BRDA:67,1,1,49
BRDA:67,2,0,49
BRDA:67,2,1,49
BRDA:67,2,2,49
BRDA:69,3,0,0
BRDA:69,3,1,0
BRDA:81,4,0,3
BRDA:81,4,1,30
BRDA:95,5,0,0
BRDA:95,5,1,3
BRDA:95,6,0,3
BRDA:95,6,1,3
BRDA:98,7,0,0
BRDA:98,7,1,0
BRDA:98,7,2,0
BRF:19
BRH:11
end_of_record
TN:
SF:/home/david/Documents/Projects/happy-dom/src/nodes/basic/node/Node.ts
FN:13,(anonymous_7)
FN:30,Node
FN:40,(anonymous_9)
FN:49,(anonymous_10)
FN:76,(anonymous_11)
FN:85,(anonymous_12)
FN:94,(anonymous_13)
FN:109,(anonymous_14)
FN:124,(anonymous_15)
FN:136,(anonymous_16)
FN:158,(anonymous_17)
FN:168,(anonymous_18)
FN:204,(anonymous_19)
FN:252,(anonymous_20)
FN:283,(anonymous_21)
FN:339,(anonymous_22)
FN:353,(anonymous_23)
FN:380,(anonymous_24)
FN:395,(anonymous_25)
FNF:19
FNH:8
FNDA:8,(anonymous_7)
FNDA:311,Node
FNDA:246,(anonymous_9)
FNDA:398,(anonymous_10)
FNDA:0,(anonymous_11)
FNDA:0,(anonymous_12)
FNDA:0,(anonymous_13)
FNDA:0,(anonymous_14)
FNDA:0,(anonymous_15)
FNDA:0,(anonymous_16)
FNDA:0,(anonymous_17)
FNDA:36,(anonymous_18)
FNDA:238,(anonymous_19)
FNDA:4,(anonymous_20)
FNDA:0,(anonymous_21)
FNDA:0,(anonymous_22)
FNDA:0,(anonymous_23)
FNDA:6,(anonymous_24)
FNDA:0,(anonymous_25)
DA:1,8
DA:3,8
DA:4,8
DA:5,8
DA:6,8
DA:13,8
DA:15,8
DA:16,311
DA:17,311
DA:19,311
DA:22,311
DA:25,311
DA:31,311
DA:32,311
DA:40,8
DA:41,246
DA:50,398
DA:51,177
DA:53,177
DA:54,118
DA:58,177
DA:60,4
DA:63,177
DA:64,4
DA:65,173
DA:66,0
DA:76,8
DA:77,0
DA:85,8
DA:86,0
DA:94,8
DA:95,0
DA:96,0
DA:97,0
DA:98,0
DA:101,0
DA:109,8
DA:110,0
DA:111,0
DA:112,0
DA:113,0
DA:116,0
DA:124,8
DA:125,0
DA:126,0
DA:128,0
DA:136,8
DA:137,0
DA:138,0
DA:140,0
DA:158,8
DA:159,0
DA:168,69
DA:169,36
DA:170,435
DA:171,435
DA:172,363
DA:173,36
DA:174,36
DA:175,30
DA:176,30
DA:177,30
DA:180,327
DA:181,3
DA:182,3
DA:183,3
DA:185,324
DA:187,12
DA:188,312
DA:189,12
DA:191,300
DA:195,36
DA:204,8
DA:205,238
DA:206,0
DA:209,238
DA:210,0
DA:211,0
DA:213,0
DA:216,238
DA:217,22
DA:218,22
DA:219,22
DA:223,238
DA:225,238
DA:226,238
DA:229,238
DA:230,0
DA:231,0
DA:232,0
DA:234,0
DA:235,0
DA:236,0
DA:238,0
DA:239,0
DA:244,238
DA:252,8
DA:253,4
DA:254,4
DA:255,0
DA:257,4
DA:258,4
DA:259,4
DA:262,4
DA:263,0
DA:264,0
DA:265,0
DA:267,0
DA:268,0
DA:269,0
DA:270,0
DA:283,8
DA:284,0
DA:285,0
DA:286,0
DA:288,0
DA:291,0
DA:292,0
DA:295,0
DA:297,0
DA:298,0
DA:301,0
DA:302,0
DA:303,0
DA:304,0
DA:308,0
DA:310,0
DA:311,0
DA:314,0
DA:315,0
DA:316,0
DA:317,0
DA:319,0
DA:320,0
DA:321,0
DA:323,0
DA:324,0
DA:329,0
DA:339,8
DA:340,0
DA:341,0
DA:343,0
DA:353,8
DA:354,0
DA:356,0
DA:357,0
DA:360,0
DA:362,0
DA:368,0
DA:371,0
DA:380,8
DA:381,6
DA:382,6
DA:383,2
DA:384,1
DA:395,8
DA:396,0
DA:397,0
DA:398,0
DA:400,0
DA:401,0
DA:402,0
DA:406,8
DA:409,96
DA:410,96
LF:165
LH:83
BRDA:31,0,0,311
BRDA:31,0,1,311
BRDA:50,1,0,177
BRDA:50,1,1,221
BRDA:58,2,0,4
BRDA:58,2,1,173
BRDA:63,3,0,4
BRDA:63,3,1,173
BRDA:63,4,0,177
BRDA:63,4,1,160
BRDA:65,5,0,0
BRDA:65,5,1,173
BRDA:65,6,0,173
BRDA:65,6,1,17
BRDA:95,7,0,0
BRDA:95,7,1,0
BRDA:97,8,0,0
BRDA:97,8,1,0
BRDA:110,9,0,0
BRDA:110,9,1,0
BRDA:112,10,0,0
BRDA:112,10,1,0
BRDA:112,11,0,0
BRDA:112,11,1,0
BRDA:125,12,0,0
BRDA:125,12,1,0
BRDA:137,13,0,0
BRDA:137,13,1,0
BRDA:168,14,0,33
BRDA:168,14,1,3
BRDA:171,15,0,363
BRDA:171,15,1,72
BRDA:171,16,0,435
BRDA:171,16,1,399
BRDA:172,17,0,36
BRDA:172,17,1,327
BRDA:173,18,0,36
BRDA:173,18,1,0
BRDA:180,19,0,3
BRDA:180,19,1,324
BRDA:180,20,0,327
BRDA:180,20,1,291
BRDA:180,20,2,255
BRDA:181,21,0,3
BRDA:181,21,1,0
BRDA:185,22,0,12
BRDA:185,22,1,312
BRDA:188,23,0,12
BRDA:188,23,1,300
BRDA:205,24,0,0
BRDA:205,24,1,238
BRDA:209,25,0,0
BRDA:209,25,1,238
BRDA:216,26,0,22
BRDA:216,26,1,216
BRDA:218,27,0,22
BRDA:218,27,1,0
BRDA:229,28,0,0
BRDA:229,28,1,238
BRDA:235,29,0,0
BRDA:235,29,1,0
BRDA:238,30,0,0
BRDA:238,30,1,0
BRDA:254,31,0,0
BRDA:254,31,1,4
BRDA:262,32,0,0
BRDA:262,32,1,4
BRDA:269,33,0,0
BRDA:269,33,1,0
BRDA:284,34,0,0
BRDA:284,34,1,0
BRDA:291,35,0,0
BRDA:291,35,1,0
BRDA:297,36,0,0
BRDA:297,36,1,0
BRDA:301,37,0,0
BRDA:301,37,1,0
BRDA:303,38,0,0
BRDA:303,38,1,0
BRDA:314,39,0,0
BRDA:314,39,1,0
BRDA:320,40,0,0
BRDA:320,40,1,0
BRDA:323,41,0,0
BRDA:323,41,1,0
BRDA:356,42,0,0
BRDA:356,42,1,0
BRDA:362,43,0,0
BRDA:362,43,1,0
BRDA:363,44,0,0
BRDA:363,44,1,0
BRDA:363,44,2,0
BRDA:363,44,3,0
BRDA:382,45,0,2
BRDA:382,45,1,4
BRDA:397,46,0,0
BRDA:397,46,1,0
BRDA:400,47,0,0
BRDA:400,47,1,0
BRF:99
BRH:42
end_of_record
TN:
SF:/home/david/Documents/Projects/happy-dom/src/nodes/basic/node/NodeType.ts
FN:1,(anonymous_0)
FNF:1
FNH:1
FNDA:8,(anonymous_0)
DA:1,8
DA:2,8
DA:3,8
DA:4,8
DA:5,8
DA:6,8
DA:7,8
DA:10,8
LF:8
LH:8
BRDA:1,0,0,8
BRDA:1,0,1,8
BRF:2
BRH:2
end_of_record
TN:
SF:/home/david/Documents/Projects/happy-dom/src/nodes/basic/shadow-root/ShadowRoot.ts
FN:8,(anonymous_7)
FN:17,(anonymous_9)
FN:30,(anonymous_10)
FN:44,(anonymous_11)
FNF:4
FNH:2
FNDA:19,(anonymous_7)
FNDA:0,(anonymous_9)
FNDA:4,(anonymous_10)
FNDA:0,(anonymous_11)
DA:1,8
DA:2,8
DA:3,8
DA:8,11
DA:9,11
DA:10,11
DA:17,8
DA:18,0
DA:19,0
DA:21,0
DA:31,4
DA:32,4
DA:34,20
DA:35,20
DA:44,8
DA:45,0
DA:47,8
LF:17
LH:13
BRDA:8,0,0,11
BRDA:8,0,1,11
BRDA:8,0,2,0
BRDA:18,1,0,0
BRDA:18,1,1,0
BRDA:32,2,0,4
BRDA:32,2,1,0
BRF:7
BRH:3
end_of_record
TN:
SF:/home/david/Documents/Projects/happy-dom/src/nodes/basic/text-node/TextNode.ts
FN:9,(anonymous_7)
FN:18,(anonymous_9)
FN:27,(anonymous_10)
FN:36,(anonymous_11)
FN:45,(anonymous_12)
FN:67,(anonymous_13)
FN:76,(anonymous_14)
FN:85,(anonymous_15)
FN:94,(anonymous_16)
FNF:9
FNH:4
FNDA:109,(anonymous_7)
FNDA:60,(anonymous_9)
FNDA:0,(anonymous_10)
FNDA:3,(anonymous_11)
FNDA:82,(anonymous_12)
FNDA:0,(anonymous_13)
FNDA:0,(anonymous_14)
FNDA:0,(anonymous_15)
FNDA:0,(anonymous_16)
DA:1,8
DA:2,8
DA:3,8
DA:4,8
DA:9,101
DA:10,101
DA:18,8
DA:19,60
DA:27,8
DA:28,0
DA:36,8
DA:37,3
DA:46,82
DA:47,82
DA:50,82
DA:51,2
DA:52,2
DA:53,2
DA:54,2
DA:55,2
DA:56,2
DA:67,8
DA:68,0
DA:77,0
DA:85,8
DA:86,0
DA:95,0
DA:97,8
LF:28
LH:23
BRDA:9,0,0,101
BRDA:9,0,1,101
BRDA:9,0,2,0
BRDA:50,1,0,2
BRDA:50,1,1,80
BRDA:52,2,0,2
BRDA:52,2,1,0
BRDA:55,3,0,2
BRDA:55,3,1,0
BRF:9
BRH:6
end_of_record
TN:
SF:/home/david/Documents/Projects/happy-dom/src/nodes/elements/form/HTMLFormElement.ts
FN:8,(anonymous_8)
FN:30,(anonymous_10)
FN:39,(anonymous_11)
FN:46,(anonymous_12)
FN:51,(anonymous_13)
FN:56,(anonymous_14)
FN:63,(anonymous_15)
FNF:7
FNH:1
FNDA:6,(anonymous_8)
FNDA:0,(anonymous_10)
FNDA:0,(anonymous_11)
FNDA:0,(anonymous_12)
FNDA:0,(anonymous_13)
FNDA:0,(anonymous_14)
FNDA:0,(anonymous_15)
DA:1,6
DA:3,6
DA:8,6
DA:9,6
DA:15,0
DA:16,0
DA:17,0
DA:18,0
DA:19,0
DA:20,0
DA:21,0
DA:22,0
DA:23,0
DA:30,6
DA:31,0
DA:39,6
DA:40,0
DA:46,6
DA:51,6
DA:56,6
DA:63,6
DA:64,0
DA:66,6
LF:23
LH:11
BRDA:8,0,0,0
BRDA:8,0,1,0
BRDA:8,0,2,0
BRF:3
BRH:0
end_of_record
TN:
SF:/home/david/Documents/Projects/happy-dom/src/nodes/elements/input/HTMLInputElement.ts
FN:9,(anonymous_8)
FN:73,(anonymous_10)
FN:82,(anonymous_11)
FN:94,(anonymous_12)
FN:103,(anonymous_13)
FN:115,(anonymous_14)
FN:124,(anonymous_15)
FN:133,(anonymous_16)
FN:144,(anonymous_17)
FN:153,(anonymous_18)
FN:162,(anonymous_19)
FNF:11
FNH:1
FNDA:6,(anonymous_8)
FNDA:0,(anonymous_10)
FNDA:0,(anonymous_11)
FNDA:0,(anonymous_12)
FNDA:0,(anonymous_13)
FNDA:0,(anonymous_14)
FNDA:0,(anonymous_15)
FNDA:0,(anonymous_16)
FNDA:0,(anonymous_17)
FNDA:0,(anonymous_18)
FNDA:0,(anonymous_19)
DA:1,6
DA:3,6
DA:4,6
DA:9,6
DA:10,6
DA:17,0
DA:18,0
DA:19,0
DA:20,0
DA:23,0
DA:24,0
DA:25,0
DA:26,0
DA:27,0
DA:28,0
DA:31,0
DA:32,0
DA:33,0
DA:36,0
DA:37,0
DA:38,0
DA:39,0
DA:42,0
DA:43,0
DA:46,0
DA:47,0
DA:48,0
DA:49,0
DA:50,0
DA:51,0
DA:52,0
DA:53,0
DA:54,0
DA:57,0
DA:58,0
DA:59,0
DA:62,0
DA:63,0
DA:64,0
DA:65,0
DA:66,0
DA:73,6
DA:74,0
DA:83,0
DA:84,0
DA:85,0
DA:94,6
DA:95,0
DA:104,0
DA:105,0
DA:106,0
DA:115,6
DA:116,0
DA:124,6
DA:125,0
DA:133,6
DA:134,0
DA:144,6
DA:145,0
DA:153,6
DA:154,0
DA:162,6
DA:163,0
DA:165,6
LF:64
LH:14
BRDA:9,0,0,0
BRDA:9,0,1,0
BRDA:9,0,2,0
BRDA:84,1,0,0
BRDA:84,1,1,0
BRDA:105,2,0,0
BRDA:105,2,1,0
BRDA:135,3,0,0
BRDA:135,3,1,0
BRDA:135,3,2,0
BRDA:135,3,3,0
BRDA:135,3,4,0
BRDA:145,4,0,0
BRDA:145,4,1,0
BRDA:154,5,0,0
BRDA:154,5,1,0
BRF:16
BRH:0
end_of_record
TN:
SF:/home/david/Documents/Projects/happy-dom/src/nodes/elements/input/ValidityState.ts
FN:8,(anonymous_0)
FN:22,ValidityState
FN:31,(anonymous_2)
FN:40,(anonymous_3)
FN:49,(anonymous_4)
FN:58,(anonymous_5)
FN:67,(anonymous_6)
FNF:7
FNH:1
FNDA:6,(anonymous_0)
FNDA:0,ValidityState
FNDA:0,(anonymous_2)
FNDA:0,(anonymous_3)
FNDA:0,(anonymous_4)
FNDA:0,(anonymous_5)
FNDA:0,(anonymous_6)
DA:8,6
DA:9,0
DA:10,0
DA:11,0
DA:12,0
DA:13,0
DA:14,0
DA:15,0
DA:23,0
DA:31,6
DA:32,0
DA:40,6
DA:41,0
DA:49,6
DA:50,0
DA:58,6
DA:59,0
DA:67,6
DA:68,0
DA:69,0
DA:70,0
DA:74,0
DA:76,6
LF:23
LH:7
BRDA:32,0,0,0
BRDA:32,0,1,0
BRDA:41,1,0,0
BRDA:41,1,1,0
BRDA:59,2,0,0
BRDA:59,2,1,0
BRDA:69,3,0,0
BRDA:69,3,1,0
BRDA:74,4,0,0
BRDA:74,4,1,0
BRDA:74,4,2,0
BRDA:74,4,3,0
BRF:12
BRH:0
end_of_record
TN:
SF:/home/david/Documents/Projects/happy-dom/src/nodes/elements/svg/SVGAngle.ts
FN:6,(anonymous_0)
FN:21,(anonymous_2)
FN:26,(anonymous_3)
FNF:3
FNH:1
FNDA:6,(anonymous_0)
FNDA:0,(anonymous_2)
FNDA:0,(anonymous_3)
DA:6,6
DA:7,6
DA:8,6
DA:9,6
DA:10,6
DA:11,6
DA:13,0
DA:14,0
DA:15,0
DA:16,0
DA:21,6
DA:26,6
DA:27,6
LF:13
LH:9
BRF:0
BRH:0
end_of_record
TN:
SF:/home/david/Documents/Projects/happy-dom/src/nodes/elements/svg/SVGAnimatedRect.ts
FN:8,(anonymous_1)
FNF:1
FNH:1
FNDA:6,(anonymous_1)
DA:1,6
DA:8,6
DA:9,0
DA:10,0
DA:11,6
LF:5
LH:3
BRF:0
BRH:0
end_of_record
TN:
SF:/home/david/Documents/Projects/happy-dom/src/nodes/elements/svg/SVGElement.ts
FN:6,(anonymous_7)
FN:14,(anonymous_9)
FN:23,(anonymous_10)
FNF:3
FNH:1
FNDA:6,(anonymous_7)
FNDA:0,(anonymous_9)
FNDA:0,(anonymous_10)
DA:1,6
DA:6,6
DA:7,6
DA:14,6
DA:15,0
DA:23,6
DA:24,0
DA:26,6
LF:8
LH:6
BRF:0
BRH:0
end_of_record
TN:
SF:/home/david/Documents/Projects/happy-dom/src/nodes/elements/svg/SVGGraphicsElement.ts
FN:7,(anonymous_7)
FN:15,(anonymous_9)
FNF:2
FNH:1
FNDA:6,(anonymous_7)
FNDA:0,(anonymous_9)
DA:1,6
DA:2,6
DA:7,6
DA:8,6
DA:15,6
DA:16,0
DA:18,6
LF:7
LH:6
BRF:0
BRH:0
end_of_record
TN:
SF:/home/david/Documents/Projects/happy-dom/src/nodes/elements/svg/SVGLength.ts
FN:6,(anonymous_0)
FN:26,(anonymous_2)
FN:31,(anonymous_3)
FNF:3
FNH:1
FNDA:6,(anonymous_0)
FNDA:0,(anonymous_2)
FNDA:0,(anonymous_3)
DA:6,6
DA:7,6
DA:8,6
DA:9,6
DA:10,6
DA:11,6
DA:12,6
DA:13,6
DA:14,6
DA:15,6
DA:16,6
DA:17,6
DA:18,0
DA:19,0
DA:20,0
DA:21,0
DA:26,6
DA:31,6
DA:32,6
LF:19
LH:15
BRF:0
BRH:0
end_of_record
TN:
SF:/home/david/Documents/Projects/happy-dom/src/nodes/elements/svg/SVGNumber.ts
FN:6,(anonymous_0)
FNF:1
FNH:1
FNDA:6,(anonymous_0)
DA:6,6
DA:7,0
DA:8,6
LF:3
LH:2
BRF:0
BRH:0
end_of_record
TN:
SF:/home/david/Documents/Projects/happy-dom/src/nodes/elements/svg/SVGPoint.ts
FN:6,(anonymous_0)
FNF:1
FNH:1
FNDA:6,(anonymous_0)
DA:6,6
DA:7,0
DA:8,0
DA:9,6
LF:4
LH:2
BRF:0
BRH:0
end_of_record
TN:
SF:/home/david/Documents/Projects/happy-dom/src/nodes/elements/svg/SVGRect.ts
FN:6,(anonymous_0)
FNF:1
FNH:1
FNDA:6,(anonymous_0)
DA:6,6
DA:7,0
DA:8,0
DA:9,0
DA:10,0
DA:11,6
LF:6
LH:2
BRF:0
BRH:0
end_of_record
TN:
SF:/home/david/Documents/Projects/happy-dom/src/nodes/elements/svg/SVGSVGElement.ts
FN:15,(anonymous_8)
FN:36,(anonymous_10)
FN:45,(anonymous_11)
FN:54,(anonymous_12)
FN:61,(anonymous_13)
FN:66,(anonymous_14)
FN:73,(anonymous_15)
FN:82,(anonymous_16)
FN:89,(anonymous_17)
FN:96,(anonymous_18)
FN:105,(anonymous_19)
FN:114,(anonymous_20)
FN:123,(anonymous_21)
FN:130,(anonymous_22)
FN:137,(anonymous_23)
FN:146,(anonymous_24)
FN:155,(anonymous_25)
FN:164,(anonymous_26)
FN:173,(anonymous_27)
FN:182,(anonymous_28)
FNF:20
FNH:1
FNDA:6,(anonymous_8)
FNDA:0,(anonymous_10)
FNDA:0,(anonymous_11)
FNDA:0,(anonymous_12)
FNDA:0,(anonymous_13)
FNDA:0,(anonymous_14)
FNDA:0,(anonymous_15)
FNDA:0,(anonymous_16)
FNDA:0,(anonymous_17)
FNDA:0,(anonymous_18)
FNDA:0,(anonymous_19)
FNDA:0,(anonymous_20)
FNDA:0,(anonymous_21)
FNDA:0,(anonymous_22)
FNDA:0,(anonymous_23)
FNDA:0,(anonymous_24)
FNDA:0,(anonymous_25)
FNDA:0,(anonymous_26)
FNDA:0,(anonymous_27)
FNDA:0,(anonymous_28)
DA:1,6
DA:3,6
DA:4,6
DA:5,6
DA:6,6
DA:7,6
DA:8,6
DA:9,6
DA:10,6
DA:15,6
DA:16,6
DA:22,0
DA:23,0
DA:24,0
DA:25,0
DA:26,0
DA:27,0
DA:29,0
DA:36,6
DA:37,0
DA:45,6
DA:46,0
DA:54,6
DA:55,0
DA:61,6
DA:66,6
DA:73,6
DA:74,0
DA:82,6
DA:83,0
DA:89,6
DA:96,6
DA:97,0
DA:105,6
DA:106,0
DA:114,6
DA:115,0
DA:123,6
DA:124,0
DA:130,6
DA:137,6
DA:138,0
DA:146,6
DA:147,0
DA:155,6
DA:156,0
DA:164,6
DA:165,0
DA:173,6
DA:174,0
DA:182,6
DA:183,0
DA:185,6
LF:53
LH:31
BRDA:15,0,0,0
BRDA:15,0,1,0
BRDA:15,0,2,0
BRF:3
BRH:0
end_of_record
TN:
SF:/home/david/Documents/Projects/happy-dom/src/nodes/elements/svg/SVGTransform.ts
FN:6,(anonymous_0)
FN:21,(anonymous_2)
FN:25,(anonymous_3)
FN:29,(anonymous_4)
FN:33,(anonymous_5)
FN:37,(anonymous_6)
FN:41,(anonymous_7)
FNF:7
FNH:1
FNDA:6,(anonymous_0)
FNDA:0,(anonymous_2)
FNDA:0,(anonymous_3)
FNDA:0,(anonymous_4)
FNDA:0,(anonymous_5)
FNDA:0,(anonymous_6)
FNDA:0,(anonymous_7)
DA:6,6
DA:7,6
DA:8,6
DA:9,6
DA:10,6
DA:11,6
DA:12,6
DA:13,6
DA:15,0
DA:16,0
DA:21,6
DA:25,6
DA:29,6
DA:33,6
DA:37,6
DA:41,6
DA:42,6
LF:17
LH:15
BRF:0
BRH:0
end_of_record
TN:
SF:/home/david/Documents/Projects/happy-dom/src/nodes/elements/template/HTMLTemplateElement.ts
FN:8,(anonymous_7)
FN:16,(anonymous_9)
FN:28,(anonymous_10)
FN:37,(anonymous_11)
FN:46,(anonymous_12)
FN:55,(anonymous_13)
FN:65,(anonymous_14)
FN:74,(anonymous_15)
FN:85,(anonymous_16)
FN:96,(anonymous_17)
FNF:10
FNH:1
FNDA:6,(anonymous_7)
FNDA:0,(anonymous_9)
FNDA:0,(anonymous_10)
FNDA:0,(anonymous_11)
FNDA:0,(anonymous_12)
FNDA:0,(anonymous_13)
FNDA:0,(anonymous_14)
FNDA:0,(anonymous_15)
FNDA:0,(anonymous_16)
FNDA:0,(anonymous_17)
DA:2,6
DA:8,6
DA:9,0
DA:16,6
DA:17,0
DA:18,0
DA:20,0
DA:28,6
DA:29,0
DA:37,6
DA:38,0
DA:46,6
DA:47,0
DA:55,6
DA:56,0
DA:65,6
DA:66,0
DA:74,6
DA:75,0
DA:85,6
DA:86,0
DA:96,6
DA:97,0
DA:99,6
LF:24
LH:12
BRDA:8,0,0,0
BRDA:8,0,1,0
BRDA:8,0,2,0
BRDA:17,1,0,0
BRDA:17,1,1,0
BRF:5
BRH:0
end_of_record
TN:
SF:/home/david/Documents/Projects/happy-dom/src/nodes/elements/text-area/HTMLTextAreaElement.ts
FN:9,(anonymous_8)
FN:39,(anonymous_10)
FN:48,(anonymous_11)
FN:60,(anonymous_12)
FN:71,(anonymous_13)
FN:82,(anonymous_14)
FN:94,(anonymous_15)
FN:105,(anonymous_16)
FNF:8
FNH:1
FNDA:6,(anonymous_8)
FNDA:0,(anonymous_10)
FNDA:0,(anonymous_11)
FNDA:0,(anonymous_12)
FNDA:0,(anonymous_13)
FNDA:0,(anonymous_14)
FNDA:0,(anonymous_15)
FNDA:0,(anonymous_16)
DA:1,6
DA:3,6
DA:9,6
DA:10,6
DA:16,0
DA:17,0
DA:18,0
DA:19,0
DA:20,0
DA:21,0
DA:22,0
DA:23,0
DA:24,0
DA:25,0
DA:26,0
DA:27,0
DA:28,0
DA:29,0
DA:30,0
DA:31,0
DA:32,0
DA:39,6
DA:40,0
DA:49,0
DA:50,0
DA:51,0
DA:60,6
DA:61,0
DA:71,6
DA:72,0
DA:73,0
DA:74,0
DA:82,6
DA:83,0
DA:84,0
DA:94,6
DA:95,0
DA:96,0
DA:97,0
DA:105,6
DA:106,0
DA:108,6
LF:42
LH:11
BRDA:9,0,0,0
BRDA:9,0,1,0
BRDA:9,0,2,0
BRDA:50,1,0,0
BRDA:50,1,1,0
BRF:5
BRH:0
end_of_record
TN:
SF:/home/david/Documents/Projects/happy-dom/src/query-selector/QuerySelector.ts
FN:10,(anonymous_1)
FN:18,(anonymous_3)
FN:38,(anonymous_4)
FN:55,(anonymous_5)
FN:84,(anonymous_6)
FNF:5
FNH:5
FNDA:8,(anonymous_1)
FNDA:17,(anonymous_3)
FNDA:10,(anonymous_4)
FNDA:17,(anonymous_5)
FNDA:10,(anonymous_6)
DA:1,8
DA:3,8
DA:10,8
DA:18,8
DA:19,17
DA:21,17
DA:22,17
DA:23,17
DA:24,17
DA:28,17
DA:38,8
DA:39,10
DA:40,10
DA:41,10
DA:42,6
DA:45,4
DA:55,8
DA:56,17
DA:57,17
DA:58,17
DA:60,46
DA:61,46
DA:62,14
DA:63,2
DA:64,2
DA:66,0
DA:69,12
DA:74,17
DA:84,8
DA:85,10
DA:86,10
DA:88,22
DA:89,22
DA:90,10
DA:91,6
DA:92,6
DA:94,0
DA:98,4
DA:99,4
DA:100,0
DA:105,4
DA:107,8
LF:42
LH:39
BRDA:23,0,0,17
BRDA:23,0,1,0
BRDA:41,1,0,6
BRDA:41,1,1,4
BRDA:61,2,0,14
BRDA:61,2,1,32
BRDA:62,3,0,2
BRDA:62,3,1,12
BRDA:63,4,0,2
BRDA:63,4,1,0
BRDA:89,5,0,10
BRDA:89,5,1,12
BRDA:90,6,0,6
BRDA:90,6,1,4
BRDA:91,7,0,6
BRDA:91,7,1,0
BRDA:99,8,0,0
BRDA:99,8,1,4
BRF:18
BRH:14
end_of_record
TN:
SF:/home/david/Documents/Projects/happy-dom/src/query-selector/SelectorItem.ts
FN:6,(anonymous_0)
FN:19,SelectorItem
FN:34,(anonymous_2)
FNF:3
FNH:3
FNDA:8,(anonymous_0)
FNDA:27,SelectorItem
FNDA:24,(anonymous_2)
DA:3,8
DA:4,8
DA:6,8
DA:20,27
DA:21,27
DA:22,27
DA:23,27
DA:24,27
DA:25,27
DA:34,8
DA:35,24
DA:39,24
DA:40,0
DA:44,24
DA:45,0
DA:47,0
DA:48,0
DA:49,0
DA:55,24
DA:56,0
DA:58,0
DA:59,0
DA:60,0
DA:66,24
DA:67,24
DA:68,16
DA:72,8
DA:74,8
LF:28
LH:19
BRDA:21,0,0,27
BRDA:21,0,1,27
BRDA:22,1,0,27
BRDA:22,1,1,27
BRDA:23,2,0,27
BRDA:23,2,1,27
BRDA:23,2,2,27
BRDA:25,3,0,0
BRDA:25,3,1,27
BRDA:39,4,0,0
BRDA:39,4,1,24
BRDA:44,5,0,0
BRDA:44,5,1,24
BRDA:48,6,0,0
BRDA:48,6,1,0
BRDA:55,7,0,0
BRDA:55,7,1,24
BRDA:59,8,0,0
BRDA:59,8,1,0
BRDA:66,9,0,24
BRDA:66,9,1,0
BRDA:67,10,0,16
BRDA:67,10,1,8
BRF:23
BRH:14
end_of_record
TN:
SF:/home/david/Documents/Projects/happy-dom/src/tree-walker/NodeFilter.ts
FNF:0
FNH:0
DA:1,6
LF:1
LH:1
BRF:0
BRH:0
end_of_record
TN:
SF:/home/david/Documents/Projects/happy-dom/src/tree-walker/TreeWalker.ts
FN:7,(anonymous_1)
FN:20,TreeWalker
FN:36,(anonymous_3)
FN:49,(anonymous_4)
FN:65,(anonymous_5)
FN:81,(anonymous_6)
FN:100,(anonymous_7)
FN:119,(anonymous_8)
FN:132,(anonymous_9)
FN:144,(anonymous_10)
FN:154,(anonymous_11)
FNF:11
FNH:1
FNDA:6,(anonymous_1)
FNDA:0,TreeWalker
FNDA:0,(anonymous_3)
FNDA:0,(anonymous_4)
FNDA:0,(anonymous_5)
FNDA:0,(anonymous_6)
FNDA:0,(anonymous_7)
FNDA:0,(anonymous_8)
FNDA:0,(anonymous_9)
FNDA:0,(anonymous_10)
FNDA:0,(anonymous_11)
DA:1,6
DA:2,6
DA:7,6
DA:8,0
DA:9,0
DA:10,0
DA:11,0
DA:20,0
DA:21,0
DA:22,0
DA:25,0
DA:26,0
DA:27,0
DA:28,0
DA:36,6
DA:37,0
DA:38,0
DA:39,0
DA:41,0
DA:49,6
DA:50,0
DA:52,0
DA:53,0
DA:54,0
DA:57,0
DA:65,6
DA:66,0
DA:68,0
DA:69,0
DA:70,0
DA:73,0
DA:81,6
DA:82,0
DA:83,0
DA:84,0
DA:86,0
DA:87,0
DA:88,0
DA:92,0
DA:100,6
DA:101,0
DA:102,0
DA:103,0
DA:105,0
DA:106,0
DA:107,0
DA:111,0
DA:119,6
DA:120,0
DA:121,0
DA:122,0
DA:124,0
DA:132,6
DA:133,0
DA:134,0
DA:135,0
DA:144,6
DA:145,0
DA:154,6
DA:155,0
DA:157,6
LF:61
LH:13
BRDA:20,0,0,0
BRDA:20,0,1,0
BRDA:20,1,0,0
BRDA:20,1,1,0
BRDA:21,2,0,0
BRDA:21,2,1,0
BRDA:37,3,0,0
BRDA:37,3,1,0
BRDA:37,4,0,0
BRDA:37,4,1,0
BRDA:37,4,2,0
BRDA:50,5,0,0
BRDA:50,5,1,0
BRDA:52,6,0,0
BRDA:52,6,1,0
BRDA:54,7,0,0
BRDA:54,7,1,0
BRDA:66,8,0,0
BRDA:66,8,1,0
BRDA:68,9,0,0
BRDA:68,9,1,0
BRDA:70,10,0,0
BRDA:70,10,1,0
BRDA:82,11,0,0
BRDA:82,11,1,0
BRDA:82,12,0,0
BRDA:82,12,1,0
BRDA:86,13,0,0
BRDA:86,13,1,0
BRDA:88,14,0,0
BRDA:88,14,1,0
BRDA:101,15,0,0
BRDA:101,15,1,0
BRDA:101,16,0,0
BRDA:101,16,1,0
BRDA:105,17,0,0
BRDA:105,17,1,0
BRDA:107,18,0,0
BRDA:107,18,1,0
BRDA:120,19,0,0
BRDA:120,19,1,0
BRDA:121,20,0,0
BRDA:121,20,1,0
BRDA:122,21,0,0
BRDA:122,21,1,0
BRDA:122,22,0,0
BRDA:122,22,1,0
BRDA:133,23,0,0
BRDA:133,23,1,0
BRDA:134,24,0,0
BRDA:134,24,1,0
BRDA:134,25,0,0
BRDA:134,25,1,0
BRDA:145,26,0,0
BRDA:145,26,1,0
BRDA:145,26,2,0
BRDA:155,27,0,0
BRDA:155,27,1,0
BRF:58
BRH:0
end_of_record
TN:
SF:/home/david/Documents/Projects/happy-dom/test/CustomElement.ts
FN:6,(anonymous_7)
FN:10,CustomElement
FN:18,(anonymous_9)
FNF:3
FNH:3
FNDA:2,(anonymous_7)
FNDA:8,CustomElement
FNDA:4,(anonymous_9)
DA:1,2
DA:6,2
DA:11,8
DA:12,8
DA:18,2
DA:19,4
DA:47,2
LF:7
LH:7
BRDA:11,0,0,8
BRDA:11,0,1,0
BRF:2
BRH:1
end_of_record
TN:
SF:/home/david/Documents/Projects/happy-dom/test/html-parser/data/HTMLPage.ts
FNF:0
FNH:0
DA:1,1
LF:1
LH:1
BRF:0
BRH:0
end_of_record
